2025-09-07 05:39:01 - INFO - [ようずん] 監視開始: rec
2025-09-07 05:39:01 - INFO - [ようずん] 監視開始
2025-09-07 05:40:09 - INFO - [default] 監視開始: rec
2025-09-07 05:40:09 - INFO - [default] 監視開始
2025-09-07 05:40:13 - INFO - [ようずん] 監視停止
2025-09-07 05:40:13 - INFO - [ようずん] 監視停止
2025-09-07 05:40:15 - INFO - [default] 監視停止
2025-09-07 05:40:15 - INFO - [default] 監視停止
2025-09-07 08:53:13 - INFO - [default] 監視ディレクトリが存在しません: C:\project_root\app_workspaces\niconico-archiver\rec
2025-09-07 08:53:13 - INFO - [default] 監視開始: C:\project_root\app_workspaces\niconico-archiver\rec
2025-09-07 08:53:13 - INFO - [default] 監視ディレクトリが存在しません: C:\project_root\app_workspaces\niconico-archiver\rec
2025-09-07 08:53:13 - INFO - [default] 監視開始
2025-09-07 08:53:14 - INFO - [default] 監視ディレクトリが存在しません: C:\project_root\app_workspaces\niconico-archiver\rec
2025-09-07 08:53:15 - INFO - [default] 監視ディレクトリが存在しません: C:\project_root\app_workspaces\niconico-archiver\rec
2025-09-07 08:53:15 - INFO - [ようずん] 監視ディレクトリが存在しません: C:\project_root\app_workspaces\niconico-archiver\rec
2025-09-07 08:53:15 - INFO - [ようずん] 監視開始: C:\project_root\app_workspaces\niconico-archiver\rec
2025-09-07 08:53:15 - INFO - [ようずん] 監視ディレクトリが存在しません: C:\project_root\app_workspaces\niconico-archiver\rec
2025-09-07 08:53:15 - INFO - [ようずん] 監視開始
2025-09-07 08:53:16 - INFO - [default] 監視ディレクトリが存在しません: C:\project_root\app_workspaces\niconico-archiver\rec
2025-09-07 08:53:16 - INFO - [ようずん] 監視ディレクトリが存在しません: C:\project_root\app_workspaces\niconico-archiver\rec
2025-09-07 08:53:17 - INFO - [default] 監視ディレクトリが存在しません: C:\project_root\app_workspaces\niconico-archiver\rec
2025-09-07 08:53:17 - INFO - [ようずん] 監視ディレクトリが存在しません: C:\project_root\app_workspaces\niconico-archiver\rec
2025-09-07 08:53:18 - INFO - [default] 監視停止
2025-09-07 08:53:18 - INFO - [ようずん] 監視停止
2025-09-07 08:53:18 - INFO - 全ての監視を停止しました
2025-09-07 08:53:21 - INFO - [default] 監視ディレクトリが存在しません: C:\project_root\app_workspaces\niconico-archiver\rec
2025-09-07 08:53:21 - INFO - [default] 監視開始: C:\project_root\app_workspaces\niconico-archiver\rec
2025-09-07 08:53:21 - INFO - [default] 監視ディレクトリが存在しません: C:\project_root\app_workspaces\niconico-archiver\rec
2025-09-07 08:53:21 - INFO - [default] 監視開始
2025-09-07 08:53:22 - INFO - [default] 監視ディレクトリが存在しません: C:\project_root\app_workspaces\niconico-archiver\rec
2025-09-07 08:53:23 - INFO - [default] 監視ディレクトリが存在しません: C:\project_root\app_workspaces\niconico-archiver\rec
2025-09-07 08:53:23 - INFO - [ようずん] 監視ディレクトリが存在しません: C:\project_root\app_workspaces\niconico-archiver\rec
2025-09-07 08:53:23 - INFO - [ようずん] 監視開始: C:\project_root\app_workspaces\niconico-archiver\rec
2025-09-07 08:53:23 - INFO - [ようずん] 監視ディレクトリが存在しません: C:\project_root\app_workspaces\niconico-archiver\rec
2025-09-07 08:53:23 - INFO - [ようずん] 監視開始
2025-09-07 08:53:24 - INFO - [default] 監視ディレクトリが存在しません: C:\project_root\app_workspaces\niconico-archiver\rec
2025-09-07 08:53:24 - INFO - [ようずん] 監視ディレクトリが存在しません: C:\project_root\app_workspaces\niconico-archiver\rec
2025-09-07 08:53:25 - INFO - [default] 監視ディレクトリが存在しません: C:\project_root\app_workspaces\niconico-archiver\rec
2025-09-07 08:53:25 - INFO - [ようずん] 監視ディレクトリが存在しません: C:\project_root\app_workspaces\niconico-archiver\rec
2025-09-07 08:53:26 - INFO - [default] 監視ディレクトリが存在しません: C:\project_root\app_workspaces\niconico-archiver\rec
2025-09-07 08:53:26 - INFO - [ようずん] 監視ディレクトリが存在しません: C:\project_root\app_workspaces\niconico-archiver\rec
2025-09-07 08:53:27 - INFO - [default] 監視ディレクトリが存在しません: C:\project_root\app_workspaces\niconico-archiver\rec
2025-09-07 08:53:27 - INFO - [ようずん] 監視ディレクトリが存在しません: C:\project_root\app_workspaces\niconico-archiver\rec
2025-09-07 08:53:28 - INFO - [default] 監視停止
2025-09-07 08:53:28 - INFO - [ようずん] 監視停止
2025-09-07 08:53:28 - INFO - 全ての監視を停止しました
2025-09-07 09:15:42 - INFO - [ようずん] 監視ディレクトリが存在しません: C:\project_root\app_workspaces\niconico-archiver\rec
2025-09-07 09:15:42 - INFO - [ようずん] 監視開始: C:\project_root\app_workspaces\niconico-archiver\rec
2025-09-07 09:15:42 - INFO - [ようずん] 監視ディレクトリが存在しません: C:\project_root\app_workspaces\niconico-archiver\rec
2025-09-07 09:15:42 - INFO - [ようずん] 監視開始
2025-09-07 09:15:43 - INFO - [ようずん] 監視ディレクトリが存在しません: C:\project_root\app_workspaces\niconico-archiver\rec
2025-09-07 09:15:44 - INFO - [ようずん] 監視ディレクトリが存在しません: C:\project_root\app_workspaces\niconico-archiver\rec
2025-09-07 09:15:45 - INFO - [ようずん] 監視ディレクトリが存在しません: C:\project_root\app_workspaces\niconico-archiver\rec
2025-09-07 09:15:46 - INFO - [ようずん] 監視ディレクトリが存在しません: C:\project_root\app_workspaces\niconico-archiver\rec
2025-09-07 09:15:47 - INFO - [ようずん] 監視ディレクトリが存在しません: C:\project_root\app_workspaces\niconico-archiver\rec
2025-09-07 09:15:48 - INFO - [ようずん] 監視ディレクトリが存在しません: C:\project_root\app_workspaces\niconico-archiver\rec
2025-09-07 09:15:49 - INFO - [ようずん] 監視ディレクトリが存在しません: C:\project_root\app_workspaces\niconico-archiver\rec
2025-09-07 09:15:50 - INFO - [ようずん] 監視ディレクトリが存在しません: C:\project_root\app_workspaces\niconico-archiver\rec
2025-09-07 09:15:51 - INFO - [ようずん] 監視ディレクトリが存在しません: C:\project_root\app_workspaces\niconico-archiver\rec
2025-09-07 09:15:52 - INFO - [ようずん] 監視ディレクトリが存在しません: C:\project_root\app_workspaces\niconico-archiver\rec
2025-09-07 09:15:53 - INFO - [ようずん] 監視ディレクトリが存在しません: C:\project_root\app_workspaces\niconico-archiver\rec
2025-09-07 09:15:54 - INFO - [ようずん] 監視ディレクトリが存在しません: C:\project_root\app_workspaces\niconico-archiver\rec
2025-09-07 09:15:55 - INFO - [ようずん] 監視停止
2025-09-07 09:15:55 - INFO - 全ての監視を停止しました
2025-09-09 14:10:28 - INFO - [123] アカウントディレクトリ発見: C:\project_root\app_workspaces\niconico-archiver\test_rec\123_user\123_user
2025-09-09 14:10:28 - INFO - [123] 監視開始: C:\project_root\app_workspaces\niconico-archiver\test_rec\123_user\123_user
2025-09-09 14:10:28 - INFO - [123] 自動監視開始
2025-09-09 14:10:33 - INFO - [123] ファイルが安定: bandicam 2025-09-09 13-22-43-122.mp4 (サイズ: 1248697)
2025-09-09 14:10:33 - INFO - [123] lv値が見つかりません: bandicam 2025-09-09 13-22-43-122.mp4
2025-09-09 14:13:05 - INFO - [123] ファイル削除を検出: bandicam 2025-09-09 13-22-43-122.mp4
2025-09-09 14:13:10 - INFO - [123] ファイルが安定: 123456.mp4 (サイズ: 1248697)
2025-09-09 14:13:10 - INFO - [123] lv値が見つかりません: 123456.mp4
2025-09-09 14:13:12 - INFO - [123] 監視停止
2025-09-09 14:13:19 - INFO - [123] アカウントディレクトリ発見: C:\project_root\app_workspaces\niconico-archiver\test_rec\123_user\123_user
2025-09-09 14:13:19 - INFO - [123] 監視開始: C:\project_root\app_workspaces\niconico-archiver\test_rec\123_user\123_user
2025-09-09 14:13:19 - INFO - [123] 自動監視開始
2025-09-09 14:13:24 - INFO - [123] ファイルが安定: 123456.mp4 (サイズ: 1248697)
2025-09-09 14:13:24 - INFO - [123] lv値が見つかりません: 123456.mp4
2025-09-09 14:13:47 - INFO - [123] ファイル削除を検出: 123456.mp4
2025-09-09 14:14:30 - INFO - [123] 監視停止
2025-09-09 14:14:30 - INFO - 全ての監視を停止しました
2025-09-09 14:14:32 - INFO - [123] アカウントディレクトリ発見: C:\project_root\app_workspaces\niconico-archiver\test_rec\123_user
2025-09-09 14:14:32 - INFO - [123] 監視開始: C:\project_root\app_workspaces\niconico-archiver\test_rec\123_user
2025-09-09 14:14:32 - INFO - [123] 監視開始
2025-09-09 14:14:37 - INFO - [123] ファイルが安定: 123456.mp4 (サイズ: 1248697)
2025-09-09 14:14:37 - INFO - [123] lv値が見つかりません: 123456.mp4
2025-09-09 14:14:38 - INFO - [123] ファイル削除を検出: 123456.mp4
2025-09-09 14:14:45 - INFO - [123] ファイルが安定: 123456.mp4 (サイズ: 1248697)
2025-09-09 14:14:45 - INFO - [123] lv値が見つかりません: 123456.mp4
2025-09-09 14:14:53 - INFO - [123] ファイル削除を検出: 123456.mp4
2025-09-09 14:15:14 - INFO - [123] ファイルが安定: lv123456.mp4 (サイズ: 1248697)
2025-09-09 14:15:14 - INFO - [123] lv値抽出: lv123456
2025-09-09 14:16:23 - INFO - [123] パイプライン処理完了: lv123456
2025-09-09 14:17:15 - INFO - [123] アカウントディレクトリ発見: C:\project_root\app_workspaces\niconico-archiver\test_rec\123_user
2025-09-09 14:17:15 - INFO - [123] 監視開始: C:\project_root\app_workspaces\niconico-archiver\test_rec\123_user
2025-09-09 14:17:15 - INFO - [123] 自動監視開始
2025-09-09 14:17:20 - INFO - [123] ファイルが安定: lv123456.mp4 (サイズ: 1248697)
2025-09-09 14:17:20 - INFO - [123] lv値抽出: lv123456
2025-09-09 14:18:23 - INFO - [123] パイプライン処理完了: lv123456
2025-09-09 14:19:11 - INFO - [123] アカウントディレクトリ発見: C:\project_root\app_workspaces\niconico-archiver\test_rec\123_user
2025-09-09 14:19:11 - INFO - [123] 監視開始: C:\project_root\app_workspaces\niconico-archiver\test_rec\123_user
2025-09-09 14:19:11 - INFO - [123] 自動監視開始
2025-09-09 14:19:16 - INFO - [123] ファイルが安定: lv123456.mp4 (サイズ: 1248697)
2025-09-09 14:19:16 - INFO - [123] lv値抽出: lv123456
2025-09-09 14:20:21 - INFO - [123] パイプライン処理完了: lv123456
2025-09-09 14:21:32 - INFO - [123] アカウントディレクトリ発見: C:\project_root\app_workspaces\niconico-archiver\test_rec\123_user
2025-09-09 14:21:32 - INFO - [123] 監視開始: C:\project_root\app_workspaces\niconico-archiver\test_rec\123_user
2025-09-09 14:21:32 - INFO - [123] 自動監視開始
2025-09-09 14:22:42 - INFO - [123] パイプライン処理完了: lv123456
2025-09-09 14:24:04 - INFO - [123] アカウントディレクトリ発見: C:\project_root\app_workspaces\niconico-archiver\test_rec\123_user
2025-09-09 14:24:04 - INFO - [123] 監視開始: C:\project_root\app_workspaces\niconico-archiver\test_rec\123_user
2025-09-09 14:24:04 - INFO - [123] 自動監視開始
2025-09-09 14:25:12 - INFO - [123] パイプライン処理完了: lv123456
2025-09-09 14:26:17 - INFO - [123] アカウントディレクトリ発見: C:\project_root\app_workspaces\niconico-archiver\test_rec\123_user
2025-09-09 14:26:17 - INFO - [123] 監視開始: C:\project_root\app_workspaces\niconico-archiver\test_rec\123_user
2025-09-09 14:26:17 - INFO - [123] 自動監視開始
2025-09-09 14:26:40 - INFO - [123] アカウントディレクトリ発見: C:\project_root\app_workspaces\niconico-archiver\test_rec\123_user
2025-09-09 14:26:40 - INFO - [123] 監視開始: C:\project_root\app_workspaces\niconico-archiver\test_rec\123_user
2025-09-09 14:26:40 - INFO - [123] 自動監視開始
2025-09-09 14:28:24 - INFO - [123] パイプライン処理完了: lv123456
2025-09-09 14:29:49 - INFO - [123] アカウントディレクトリ発見: C:\project_root\app_workspaces\niconico-archiver\test_rec\123_user
2025-09-09 14:29:49 - INFO - [123] 監視開始: C:\project_root\app_workspaces\niconico-archiver\test_rec\123_user
2025-09-09 14:29:49 - INFO - [123] 自動監視開始
2025-09-09 14:31:11 - INFO - [123] パイプライン処理完了: lv123456
2025-09-09 14:33:54 - INFO - [123] アカウントディレクトリ発見: C:\project_root\app_workspaces\niconico-archiver\test_rec\123_user
2025-09-09 14:33:54 - INFO - [123] 監視開始: C:\project_root\app_workspaces\niconico-archiver\test_rec\123_user
2025-09-09 14:33:54 - INFO - [123] 自動監視開始
2025-09-09 14:34:13 - INFO - [123] アカウントディレクトリ発見: C:\project_root\app_workspaces\niconico-archiver\test_rec\123_user
2025-09-09 14:34:13 - INFO - [123] 監視開始: C:\project_root\app_workspaces\niconico-archiver\test_rec\123_user
2025-09-09 14:34:13 - INFO - [123] 自動監視開始
2025-09-09 14:34:28 - INFO - [123] パイプライン処理完了: lv123456
2025-09-09 14:40:56 - INFO - [123] アカウントディレクトリ発見: C:\project_root\app_workspaces\niconico-archiver\test_rec\123_user
2025-09-09 14:40:56 - INFO - [123] 監視開始: C:\project_root\app_workspaces\niconico-archiver\test_rec\123_user
2025-09-09 14:40:56 - INFO - [123] 自動監視開始
2025-09-09 14:41:21 - INFO - [123] パイプライン処理完了: lv123456
2025-09-09 14:49:21 - INFO - [123] アカウントディレクトリ発見: C:\project_root\app_workspaces\niconico-archiver\test_rec\123_user
2025-09-09 14:49:21 - INFO - [123] 監視開始: C:\project_root\app_workspaces\niconico-archiver\test_rec\123_user
2025-09-09 14:49:21 - INFO - [123] 自動監視開始
2025-09-09 14:49:38 - INFO - [123] パイプライン処理完了: lv123456
2025-09-09 14:54:29 - INFO - [123] アカウントディレクトリ発見: C:\project_root\app_workspaces\niconico-archiver\test_rec\123_user
2025-09-09 14:54:29 - INFO - [123] 監視開始: C:\project_root\app_workspaces\niconico-archiver\test_rec\123_user
2025-09-09 14:54:29 - INFO - [123] 自動監視開始
2025-09-09 14:54:44 - INFO - [123] アカウントディレクトリ発見: C:\project_root\app_workspaces\niconico-archiver\test_rec\123_user
2025-09-09 14:54:44 - INFO - [123] 監視開始: C:\project_root\app_workspaces\niconico-archiver\test_rec\123_user
2025-09-09 14:54:44 - INFO - [123] 自動監視開始
2025-09-09 14:54:58 - INFO - [123] パイプライン処理完了: lv123456
2025-09-09 14:55:14 - INFO - [123] 監視停止
2025-09-09 15:07:40 - INFO - [123] アカウントディレクトリ発見: C:\project_root\app_workspaces\niconico-archiver\test_rec\123_user
2025-09-09 15:07:40 - INFO - [123] 監視開始: C:\project_root\app_workspaces\niconico-archiver\test_rec\123_user
2025-09-09 15:07:40 - INFO - [123] 自動監視開始
2025-09-09 15:07:55 - INFO - [123] アカウントディレクトリ発見: C:\project_root\app_workspaces\niconico-archiver\test_rec\123_user
2025-09-09 15:07:55 - INFO - [123] 監視開始: C:\project_root\app_workspaces\niconico-archiver\test_rec\123_user
2025-09-09 15:07:55 - INFO - [123] 自動監視開始
2025-09-09 15:08:08 - INFO - [123] パイプライン処理完了: lv123456
2025-09-09 15:10:21 - INFO - [123] アカウントディレクトリ発見: C:\project_root\app_workspaces\niconico-archiver\test_rec\123_user
2025-09-09 15:10:21 - INFO - [123] 監視開始: C:\project_root\app_workspaces\niconico-archiver\test_rec\123_user
2025-09-09 15:10:21 - INFO - [123] 自動監視開始
2025-09-09 15:10:38 - INFO - [123] アカウントディレクトリ発見: C:\project_root\app_workspaces\niconico-archiver\test_rec\123_user
2025-09-09 15:10:38 - INFO - [123] 監視開始: C:\project_root\app_workspaces\niconico-archiver\test_rec\123_user
2025-09-09 15:10:38 - INFO - [123] 自動監視開始
2025-09-09 15:11:00 - INFO - [123] パイプライン処理完了: lv123456
2025-09-09 15:11:38 - INFO - [123] 監視停止
2025-09-09 15:13:53 - INFO - [123] アカウントディレクトリ発見: C:\project_root\app_workspaces\niconico-archiver\test_rec\123_user
2025-09-09 15:13:53 - INFO - [123] 監視開始: C:\project_root\app_workspaces\niconico-archiver\test_rec\123_user
2025-09-09 15:13:53 - INFO - [123] 自動監視開始
2025-09-09 15:14:04 - INFO - [123] アカウントディレクトリ発見: C:\project_root\app_workspaces\niconico-archiver\test_rec\123_user
2025-09-09 15:14:04 - INFO - [123] 監視開始: C:\project_root\app_workspaces\niconico-archiver\test_rec\123_user
2025-09-09 15:14:04 - INFO - [123] 自動監視開始
2025-09-09 15:14:21 - INFO - [123] パイプライン処理完了: lv123456
2025-09-09 15:17:42 - INFO - [123] アカウントディレクトリ発見: C:\project_root\app_workspaces\niconico-archiver\test_rec\123_user
2025-09-09 15:17:42 - INFO - [123] 監視開始: C:\project_root\app_workspaces\niconico-archiver\test_rec\123_user
2025-09-09 15:17:42 - INFO - [123] 自動監視開始
2025-09-09 15:17:58 - INFO - [123] パイプライン処理完了: lv123456
2025-09-09 15:20:13 - INFO - [123] アカウントディレクトリ発見: C:\project_root\app_workspaces\niconico-archiver\test_rec\123_user
2025-09-09 15:20:13 - INFO - [123] 監視開始: C:\project_root\app_workspaces\niconico-archiver\test_rec\123_user
2025-09-09 15:20:13 - INFO - [123] 自動監視開始
2025-09-09 15:20:30 - INFO - [123] パイプライン処理完了: lv123456
2025-09-09 15:21:27 - INFO - [123] アカウントディレクトリ発見: C:\project_root\app_workspaces\niconico-archiver\test_rec\123_user
2025-09-09 15:21:27 - INFO - [123] 監視開始: C:\project_root\app_workspaces\niconico-archiver\test_rec\123_user
2025-09-09 15:21:27 - INFO - [123] 自動監視開始
2025-09-09 15:21:43 - INFO - [123] パイプライン処理完了: lv123456
2025-09-09 15:29:27 - INFO - [123] アカウントディレクトリ発見: C:\project_root\app_workspaces\niconico-archiver\test_rec\123_user
2025-09-09 15:29:27 - INFO - [123] 監視開始: C:\project_root\app_workspaces\niconico-archiver\test_rec\123_user
2025-09-09 15:29:27 - INFO - [123] 自動監視開始
2025-09-09 15:29:56 - INFO - [123] アカウントディレクトリ発見: C:\project_root\app_workspaces\niconico-archiver\test_rec\123_user
2025-09-09 15:29:56 - INFO - [123] 監視開始: C:\project_root\app_workspaces\niconico-archiver\test_rec\123_user
2025-09-09 15:29:56 - INFO - [123] 自動監視開始
2025-09-09 15:31:28 - INFO - [123] パイプライン処理完了: lv123456
2025-09-09 15:36:13 - INFO - [123] アカウントディレクトリ発見: C:\project_root\app_workspaces\niconico-archiver\test_rec\123_user
2025-09-09 15:36:13 - INFO - [123] 監視開始: C:\project_root\app_workspaces\niconico-archiver\test_rec\123_user
2025-09-09 15:36:13 - INFO - [123] 自動監視開始
2025-09-09 15:36:45 - INFO - [123] アカウントディレクトリ発見: C:\project_root\app_workspaces\niconico-archiver\test_rec\123_user
2025-09-09 15:36:45 - INFO - [123] 監視開始: C:\project_root\app_workspaces\niconico-archiver\test_rec\123_user
2025-09-09 15:36:45 - INFO - [123] 自動監視開始
2025-09-09 15:37:19 - INFO - [123] パイプライン処理完了: lv123456
2025-09-09 16:07:30 - INFO - [123] アカウントディレクトリ発見: C:\project_root\app_workspaces\niconico-archiver\test_rec\123_user
2025-09-09 16:07:30 - INFO - [123] 監視開始: C:\project_root\app_workspaces\niconico-archiver\test_rec\123_user
2025-09-09 16:07:30 - INFO - [123] 自動監視開始
2025-09-09 16:07:45 - INFO - [123] 監視停止
2025-09-09 16:07:50 - INFO - [123] アカウントディレクトリ発見: C:\project_root\app_workspaces\niconico-archiver\test_rec\123_user
2025-09-09 16:07:50 - INFO - [123] 監視開始: C:\project_root\app_workspaces\niconico-archiver\test_rec\123_user
2025-09-09 16:07:50 - INFO - [123] 自動監視開始
2025-09-09 16:08:51 - INFO - [123] パイプライン処理完了: lv123456
2025-09-09 16:11:45 - INFO - [123] アカウントディレクトリ発見: C:\project_root\app_workspaces\niconico-archiver\test_rec\123_user
2025-09-09 16:11:45 - INFO - [123] 監視開始: C:\project_root\app_workspaces\niconico-archiver\test_rec\123_user
2025-09-09 16:11:45 - INFO - [123] 自動監視開始
2025-09-09 16:12:38 - INFO - [123] パイプライン処理完了: lv123456
2025-09-09 16:30:48 - INFO - [123] アカウントディレクトリ発見: C:\project_root\app_workspaces\niconico-archiver\test_rec\123_user
2025-09-09 16:30:48 - INFO - [123] 監視開始: C:\project_root\app_workspaces\niconico-archiver\test_rec\123_user
2025-09-09 16:30:48 - INFO - [123] 自動監視開始
2025-09-09 16:31:18 - INFO - [123] パイプライン処理完了: lv123456
2025-09-09 16:34:15 - INFO - [123] アカウントディレクトリ発見: C:\project_root\app_workspaces\niconico-archiver\test_rec\123_user
2025-09-09 16:34:15 - INFO - [123] 監視開始: C:\project_root\app_workspaces\niconico-archiver\test_rec\123_user
2025-09-09 16:34:15 - INFO - [123] 自動監視開始
2025-09-09 16:38:41 - INFO - [123] アカウントディレクトリ発見: C:\project_root\app_workspaces\niconico-archiver\test_rec\123_user
2025-09-09 16:38:41 - INFO - [123] 監視開始: C:\project_root\app_workspaces\niconico-archiver\test_rec\123_user
2025-09-09 16:38:41 - INFO - [123] 自動監視開始
2025-09-09 19:15:20 - INFO - [123] アカウントディレクトリ発見: C:\project_root\app_workspaces\niconico-archiver\test_rec\123_user
2025-09-09 19:15:20 - INFO - [123] 監視開始: C:\project_root\app_workspaces\niconico-archiver\test_rec\123_user
2025-09-09 19:15:20 - INFO - [123] 自動監視開始
2025-09-09 19:17:20 - INFO - [123] パイプライン処理完了: lv123456
2025-09-09 19:27:55 - INFO - [123] アカウントディレクトリ発見: C:\project_root\app_workspaces\niconico-archiver\test_rec\123_user
2025-09-09 19:27:55 - INFO - [123] 監視開始: C:\project_root\app_workspaces\niconico-archiver\test_rec\123_user
2025-09-09 19:27:55 - INFO - [123] 自動監視開始
2025-09-09 19:30:18 - INFO - [123] パイプライン処理完了: lv123456
2025-09-09 19:31:23 - INFO - [123] アカウントディレクトリ発見: C:\project_root\app_workspaces\niconico-archiver\test_rec\123_user
2025-09-09 19:31:23 - INFO - [123] 監視開始: C:\project_root\app_workspaces\niconico-archiver\test_rec\123_user
2025-09-09 19:31:23 - INFO - [123] 自動監視開始
2025-09-09 19:31:35 - INFO - [123] エラー: パイプライン処理失敗
2025-09-09 19:31:35 - INFO - [123] エラー: パイプライン呼び出しエラー: cannot join current thread
2025-09-09 19:31:35 - INFO - [123] エラー: 監視ループエラー: cannot join current thread
2025-09-09 19:33:11 - INFO - [123] アカウントディレクトリ発見: C:\project_root\app_workspaces\niconico-archiver\test_rec\123_user
2025-09-09 19:33:11 - INFO - [123] 監視開始: C:\project_root\app_workspaces\niconico-archiver\test_rec\123_user
2025-09-09 19:33:11 - INFO - [123] 自動監視開始
2025-09-09 19:34:41 - INFO - [123] パイプライン処理完了: lv123456
2025-09-09 19:35:35 - INFO - [123] アカウントディレクトリ発見: C:\project_root\app_workspaces\niconico-archiver\test_rec\123_user
2025-09-09 19:35:35 - INFO - [123] 監視開始: C:\project_root\app_workspaces\niconico-archiver\test_rec\123_user
2025-09-09 19:35:35 - INFO - [123] 自動監視開始
2025-09-09 19:38:23 - INFO - [123] パイプライン処理完了: lv123456
2025-09-09 20:13:13 - INFO - [123] アカウントディレクトリ発見: C:\project_root\app_workspaces\niconico-archiver\test_rec\123_user
2025-09-09 20:13:13 - INFO - [123] 監視開始: C:\project_root\app_workspaces\niconico-archiver\test_rec\123_user
2025-09-09 20:13:13 - INFO - [123] 自動監視開始
2025-09-09 20:13:52 - INFO - [123] アカウントディレクトリ発見: C:\project_root\app_workspaces\niconico-archiver\test_rec\123_user
2025-09-09 20:13:52 - INFO - [123] 監視開始: C:\project_root\app_workspaces\niconico-archiver\test_rec\123_user
2025-09-09 20:13:52 - INFO - [123] 自動監視開始
2025-09-09 20:15:19 - INFO - [123] パイプライン処理完了: lv123456
2025-09-09 20:28:05 - INFO - [123] アカウントディレクトリ発見: C:\project_root\app_workspaces\niconico-archiver\test_rec\123_user
2025-09-09 20:28:05 - INFO - [123] 監視開始: C:\project_root\app_workspaces\niconico-archiver\test_rec\123_user
2025-09-09 20:28:05 - INFO - [123] 自動監視開始
2025-09-09 20:29:19 - INFO - [123] 監視停止
2025-09-09 20:57:07 - INFO - [123] アカウントディレクトリ発見: C:\project_root\app_workspaces\niconico-archiver\test_rec\123_user
2025-09-09 20:57:07 - INFO - [123] 監視開始: C:\project_root\app_workspaces\niconico-archiver\test_rec\123_user
2025-09-09 20:57:07 - INFO - [123] 自動監視開始
2025-09-09 20:57:09 - INFO - [123] 監視停止
2025-09-09 20:57:17 - INFO - [123] アカウントディレクトリ発見: C:\project_root\app_workspaces\niconico-archiver\test_rec\123_user
2025-09-09 20:57:17 - INFO - [123] 監視開始: C:\project_root\app_workspaces\niconico-archiver\test_rec\123_user
2025-09-09 20:57:17 - INFO - [123] 自動監視開始
2025-09-09 20:58:01 - INFO - [123] パイプライン処理完了: lv123456
2025-09-09 21:01:59 - INFO - [123] アカウントディレクトリ発見: C:\project_root\app_workspaces\niconico-archiver\test_rec\123_user
2025-09-09 21:01:59 - INFO - [123] 監視開始: C:\project_root\app_workspaces\niconico-archiver\test_rec\123_user
2025-09-09 21:01:59 - INFO - [123] 自動監視開始
2025-09-09 21:02:20 - INFO - [123] アカウントディレクトリ発見: C:\project_root\app_workspaces\niconico-archiver\test_rec\123_user
2025-09-09 21:02:20 - INFO - [123] 監視開始: C:\project_root\app_workspaces\niconico-archiver\test_rec\123_user
2025-09-09 21:02:20 - INFO - [123] 自動監視開始
2025-09-09 21:02:44 - INFO - [123] 監視停止
2025-09-09 21:04:13 - INFO - [123] アカウントディレクトリ発見: C:\project_root\app_workspaces\niconico-archiver\test_rec\123_user
2025-09-09 21:04:13 - INFO - [123] 監視開始: C:\project_root\app_workspaces\niconico-archiver\test_rec\123_user
2025-09-09 21:04:13 - INFO - [123] 自動監視開始
2025-09-09 21:04:29 - INFO - [123] アカウントディレクトリ発見: C:\project_root\app_workspaces\niconico-archiver\test_rec\123_user
2025-09-09 21:04:29 - INFO - [123] 監視開始: C:\project_root\app_workspaces\niconico-archiver\test_rec\123_user
2025-09-09 21:04:29 - INFO - [123] 自動監視開始
2025-09-09 21:04:56 - INFO - [123] 監視停止
2025-09-09 21:10:00 - INFO - [123] アカウントディレクトリ発見: C:\project_root\app_workspaces\niconico-archiver\test_rec\123_user
2025-09-09 21:10:00 - INFO - [123] 監視開始: C:\project_root\app_workspaces\niconico-archiver\test_rec\123_user
2025-09-09 21:10:00 - INFO - [123] 自動監視開始
2025-09-09 21:10:23 - INFO - [123] 監視停止
2025-09-09 21:19:02 - INFO - [123] アカウントディレクトリ発見: C:\project_root\app_workspaces\niconico-archiver\test_rec\123_user
2025-09-09 21:19:02 - INFO - [123] 監視開始: C:\project_root\app_workspaces\niconico-archiver\test_rec\123_user
2025-09-09 21:19:02 - INFO - [123] 自動監視開始
2025-09-09 21:19:53 - INFO - [123] パイプライン処理完了: lv123456
2025-09-09 21:21:01 - INFO - [123] アカウントディレクトリ発見: C:\project_root\app_workspaces\niconico-archiver\test_rec\123_user
2025-09-09 21:21:01 - INFO - [123] 監視開始: C:\project_root\app_workspaces\niconico-archiver\test_rec\123_user
2025-09-09 21:21:01 - INFO - [123] 自動監視開始
2025-09-09 21:21:21 - INFO - [123] パイプライン処理完了: lv123456
2025-09-09 21:22:00 - INFO - [123] アカウントディレクトリ発見: C:\project_root\app_workspaces\niconico-archiver\test_rec\123_user
2025-09-09 21:22:00 - INFO - [123] 監視開始: C:\project_root\app_workspaces\niconico-archiver\test_rec\123_user
2025-09-09 21:22:00 - INFO - [123] 自動監視開始
2025-09-09 21:22:26 - INFO - [123] アカウントディレクトリ発見: C:\project_root\app_workspaces\niconico-archiver\test_rec\123_user
2025-09-09 21:22:26 - INFO - [123] 監視開始: C:\project_root\app_workspaces\niconico-archiver\test_rec\123_user
2025-09-09 21:22:26 - INFO - [123] 自動監視開始
2025-09-09 21:25:14 - INFO - [123] パイプライン処理完了: lv123456
2025-09-09 21:25:46 - INFO - [123] 監視停止
2025-09-10 01:54:52 - INFO - [123] アカウントディレクトリ発見: C:\project_root\app_workspaces\niconico-archiver\test_rec\123_user
2025-09-10 01:54:52 - INFO - [123] 監視開始: C:\project_root\app_workspaces\niconico-archiver\test_rec\123_user
2025-09-10 01:54:52 - INFO - [123] 自動監視開始
2025-09-10 01:57:44 - INFO - [123] パイプライン処理完了: lv123456
2025-09-10 02:06:41 - INFO - [123] アカウントディレクトリ発見: C:\project_root\app_workspaces\niconico-archiver\test_rec\123_user
2025-09-10 02:06:41 - INFO - [123] 監視開始: C:\project_root\app_workspaces\niconico-archiver\test_rec\123_user
2025-09-10 02:06:41 - INFO - [123] 自動監視開始
2025-09-10 02:09:00 - INFO - [123] パイプライン処理完了: lv123456
2025-09-10 02:17:38 - INFO - [123] アカウントディレクトリ発見: C:\project_root\app_workspaces\niconico-archiver\test_rec\123_user
2025-09-10 02:17:38 - INFO - [123] 監視開始: C:\project_root\app_workspaces\niconico-archiver\test_rec\123_user
2025-09-10 02:17:38 - INFO - [123] 自動監視開始
2025-09-10 02:17:40 - INFO - [123] 監視停止
2025-09-10 02:17:51 - INFO - [123] アカウントディレクトリ発見: C:\project_root\app_workspaces\niconico-archiver\test_rec\123_user
2025-09-10 02:17:51 - INFO - [123] 監視開始: C:\project_root\app_workspaces\niconico-archiver\test_rec\123_user
2025-09-10 02:17:51 - INFO - [123] 自動監視開始
2025-09-10 02:19:59 - INFO - [123] パイプライン処理完了: lv123456
2025-09-10 02:26:42 - INFO - [123] アカウントディレクトリ発見: C:\project_root\app_workspaces\niconico-archiver\test_rec\123_user
2025-09-10 02:26:42 - INFO - [123] 監視開始: C:\project_root\app_workspaces\niconico-archiver\test_rec\123_user
2025-09-10 02:26:42 - INFO - [123] 自動監視開始
2025-09-10 02:28:53 - INFO - [123] パイプライン処理完了: lv123456
2025-09-10 02:35:12 - INFO - [123] アカウントディレクトリ発見: C:\project_root\app_workspaces\niconico-archiver\test_rec\123_user
2025-09-10 02:35:12 - INFO - [123] 監視開始: C:\project_root\app_workspaces\niconico-archiver\test_rec\123_user
2025-09-10 02:35:12 - INFO - [123] 自動監視開始
2025-09-10 02:38:33 - INFO - [123] パイプライン処理完了: lv123456
2025-09-10 02:49:55 - INFO - [123] アカウントディレクトリ発見: C:\project_root\app_workspaces\niconico-archiver\test_rec\123_user
2025-09-10 02:49:55 - INFO - [123] 監視開始: C:\project_root\app_workspaces\niconico-archiver\test_rec\123_user
2025-09-10 02:49:55 - INFO - [123] 自動監視開始
2025-09-10 02:52:10 - INFO - [123] パイプライン処理完了: lv123456
2025-09-10 07:30:42 - INFO - [123] アカウントディレクトリ発見: C:\project_root\app_workspaces\niconico-archiver\test_rec\123_user
2025-09-10 07:30:42 - INFO - [123] 監視開始: C:\project_root\app_workspaces\niconico-archiver\test_rec\123_user
2025-09-10 07:30:42 - INFO - [123] 自動監視開始
2025-09-10 07:32:49 - INFO - [123] パイプライン処理完了: lv123456
2025-09-10 08:08:31 - INFO - [123] アカウントディレクトリ発見: C:\project_root\app_workspaces\niconico-archiver\test_rec\123_user
2025-09-10 08:08:31 - INFO - [123] 監視開始: C:\project_root\app_workspaces\niconico-archiver\test_rec\123_user
2025-09-10 08:08:31 - INFO - [123] 自動監視開始
2025-09-10 08:08:48 - INFO - [123] アカウントディレクトリ発見: C:\project_root\app_workspaces\niconico-archiver\test_rec\123_user
2025-09-10 08:08:48 - INFO - [123] 監視開始: C:\project_root\app_workspaces\niconico-archiver\test_rec\123_user
2025-09-10 08:08:48 - INFO - [123] 自動監視開始
2025-09-10 08:10:57 - INFO - [123] パイプライン処理完了: lv123456
2025-09-10 08:23:05 - INFO - [123] アカウントディレクトリ発見: C:\project_root\app_workspaces\niconico-archiver\test_rec\123_user
2025-09-10 08:23:05 - INFO - [123] 監視開始: C:\project_root\app_workspaces\niconico-archiver\test_rec\123_user
2025-09-10 08:23:05 - INFO - [123] 自動監視開始
2025-09-10 08:25:18 - INFO - [123] パイプライン処理完了: lv123456
2025-09-10 08:49:32 - INFO - [123] アカウントディレクトリ発見: C:\project_root\app_workspaces\niconico-archiver\test_rec\123_user
2025-09-10 08:49:32 - INFO - [123] 監視開始: C:\project_root\app_workspaces\niconico-archiver\test_rec\123_user
2025-09-10 08:49:32 - INFO - [123] 自動監視開始
2025-09-10 08:49:47 - INFO - [123] アカウントディレクトリ発見: C:\project_root\app_workspaces\niconico-archiver\test_rec\123_user
2025-09-10 08:49:47 - INFO - [123] 監視開始: C:\project_root\app_workspaces\niconico-archiver\test_rec\123_user
2025-09-10 08:49:47 - INFO - [123] 自動監視開始
2025-09-10 08:51:41 - INFO - [123] パイプライン処理完了: lv123456
2025-09-10 09:03:18 - INFO - [123] アカウントディレクトリ発見: C:\project_root\app_workspaces\niconico-archiver\test_rec\123_user
2025-09-10 09:03:18 - INFO - [123] 監視開始: C:\project_root\app_workspaces\niconico-archiver\test_rec\123_user
2025-09-10 09:03:18 - INFO - [123] 自動監視開始
2025-09-10 09:05:23 - INFO - [123] パイプライン処理完了: lv123456
2025-09-10 09:07:24 - INFO - [123] アカウントディレクトリ発見: C:\project_root\app_workspaces\niconico-archiver\test_rec\123_user
2025-09-10 09:07:24 - INFO - [123] 監視開始: C:\project_root\app_workspaces\niconico-archiver\test_rec\123_user
2025-09-10 09:07:24 - INFO - [123] 自動監視開始
2025-09-10 09:09:47 - INFO - [123] パイプライン処理完了: lv123456
2025-09-10 09:11:42 - INFO - [123] アカウントディレクトリ発見: C:\project_root\app_workspaces\niconico-archiver\test_rec\123_user
2025-09-10 09:11:42 - INFO - [123] 監視開始: C:\project_root\app_workspaces\niconico-archiver\test_rec\123_user
2025-09-10 09:11:42 - INFO - [123] 自動監視開始
2025-09-10 09:13:06 - INFO - [123] パイプライン処理完了: lv123456
2025-09-10 09:20:11 - INFO - [123] アカウントディレクトリ発見: C:\project_root\app_workspaces\niconico-archiver\test_rec\123_user
2025-09-10 09:20:11 - INFO - [123] 監視開始: C:\project_root\app_workspaces\niconico-archiver\test_rec\123_user
2025-09-10 09:20:11 - INFO - [123] 自動監視開始
2025-09-10 09:22:05 - INFO - [123] パイプライン処理完了: lv123456
2025-09-10 09:41:16 - INFO - [123] アカウントディレクトリ発見: C:\project_root\app_workspaces\niconico-archiver\test_rec\123_user
2025-09-10 09:41:16 - INFO - [123] 監視開始: C:\project_root\app_workspaces\niconico-archiver\test_rec\123_user
2025-09-10 09:41:16 - INFO - [123] 自動監視開始
2025-09-10 09:43:10 - INFO - [123] パイプライン処理完了: lv123456
2025-09-10 13:20:49 - INFO - [123] アカウントディレクトリ発見: C:\project_root\app_workspaces\niconico-archiver\test_rec\123_user
2025-09-10 13:20:49 - INFO - [123] 監視開始: C:\project_root\app_workspaces\niconico-archiver\test_rec\123_user
2025-09-10 13:20:49 - INFO - [123] 自動監視開始
2025-09-10 13:22:54 - INFO - [123] パイプライン処理完了: lv123456
2025-09-10 17:11:43 - INFO - [123] 監視停止
2025-09-11 16:11:14 - INFO - [123] アカウントディレクトリ発見: C:\project_root\app_workspaces\niconico-archiver\test_rec\123_user
2025-09-11 16:11:14 - INFO - [123] 監視開始: C:\project_root\app_workspaces\niconico-archiver\test_rec\123_user
2025-09-11 16:11:14 - INFO - [123] 自動監視開始
2025-09-11 16:11:24 - INFO - [123] 監視停止
2025-09-11 16:11:38 - INFO - [123] アカウントディレクトリ発見: C:\project_root\app_workspaces\niconico-archiver\test_rec\123_user
2025-09-11 16:11:38 - INFO - [123] 監視開始: C:\project_root\app_workspaces\niconico-archiver\test_rec\123_user
2025-09-11 16:11:38 - INFO - [123] 自動監視開始
2025-09-11 16:11:53 - INFO - [123] アカウントディレクトリ発見: C:\project_root\app_workspaces\niconico-archiver\test_rec\123_user
2025-09-11 16:11:53 - INFO - [123] 監視開始: C:\project_root\app_workspaces\niconico-archiver\test_rec\123_user
2025-09-11 16:11:53 - INFO - [123] 自動監視開始
2025-09-11 16:14:54 - INFO - [123] パイプライン処理完了: lv123456
2025-09-11 16:31:56 - INFO - [123] アカウントディレクトリ発見: C:\project_root\app_workspaces\niconico-archiver\test_rec\123_user
2025-09-11 16:31:56 - INFO - [123] 監視開始: C:\project_root\app_workspaces\niconico-archiver\test_rec\123_user
2025-09-11 16:31:56 - INFO - [123] 自動監視開始
2025-09-11 16:37:01 - INFO - [123] パイプライン処理完了: lv123456
2025-09-11 17:26:19 - INFO - [123] アカウントディレクトリ発見: C:\project_root\app_workspaces\niconico-archiver\test_rec\123_user
2025-09-11 17:26:19 - INFO - [123] 監視開始: C:\project_root\app_workspaces\niconico-archiver\test_rec\123_user
2025-09-11 17:26:19 - INFO - [123] 自動監視開始
2025-09-11 17:29:54 - INFO - [123] 監視停止
2025-09-11 17:36:02 - INFO - [123] アカウントディレクトリ発見: C:\project_root\app_workspaces\niconico-archiver\test_rec\123_user
2025-09-11 17:36:02 - INFO - [123] 監視開始: C:\project_root\app_workspaces\niconico-archiver\test_rec\123_user
2025-09-11 17:36:02 - INFO - [123] 自動監視開始
2025-09-11 17:53:03 - INFO - [123] 監視停止
2025-09-11 17:53:07 - INFO - [123] アカウントディレクトリ発見: C:\project_root\app_workspaces\niconico-archiver\test_rec\123_user
2025-09-11 17:53:07 - INFO - [123] 監視開始: C:\project_root\app_workspaces\niconico-archiver\test_rec\123_user
2025-09-11 17:53:07 - INFO - [123] 自動監視開始
2025-09-11 17:55:05 - INFO - [123] 監視停止
2025-09-11 17:55:08 - INFO - [123] アカウントディレクトリ発見: C:\project_root\app_workspaces\niconico-archiver\test_rec\123_user
2025-09-11 17:55:08 - INFO - [123] 監視開始: C:\project_root\app_workspaces\niconico-archiver\test_rec\123_user
2025-09-11 17:55:08 - INFO - [123] 自動監視開始
2025-09-11 17:56:25 - INFO - [123] 監視停止
2025-09-11 17:56:48 - INFO - [123] アカウントディレクトリ発見: C:\project_root\app_workspaces\niconico-archiver\test_rec\123_user
2025-09-11 17:56:48 - INFO - [123] 監視開始: C:\project_root\app_workspaces\niconico-archiver\test_rec\123_user
2025-09-11 17:56:48 - INFO - [123] 自動監視開始
2025-09-11 17:57:22 - INFO - [123] アカウントディレクトリ発見: C:\project_root\app_workspaces\niconico-archiver\test_rec\123_user
2025-09-11 17:57:22 - INFO - [123] 監視開始: C:\project_root\app_workspaces\niconico-archiver\test_rec\123_user
2025-09-11 17:57:22 - INFO - [123] 自動監視開始
2025-09-11 18:08:55 - INFO - [123] 監視停止
2025-09-11 18:08:58 - INFO - [123] アカウントディレクトリ発見: C:\project_root\app_workspaces\niconico-archiver\test_rec\123_user
2025-09-11 18:08:58 - INFO - [123] 監視開始: C:\project_root\app_workspaces\niconico-archiver\test_rec\123_user
2025-09-11 18:08:58 - INFO - [123] 自動監視開始
2025-09-11 18:14:37 - INFO - [123] パイプライン処理完了: lv123456
2025-09-11 18:28:24 - INFO - [123] 監視停止
2025-09-11 18:28:40 - INFO - [123] アカウントディレクトリ発見: C:\project_root\app_workspaces\niconico-archiver\test_rec\123_user
2025-09-11 18:28:40 - INFO - [123] 監視開始: C:\project_root\app_workspaces\niconico-archiver\test_rec\123_user
2025-09-11 18:28:40 - INFO - [123] 自動監視開始
2025-09-11 18:31:03 - INFO - [123] パイプライン処理完了: lv123456
2025-09-11 19:35:44 - INFO - [123] 監視停止
2025-09-11 19:45:58 - INFO - [123] アカウントディレクトリ発見: C:\project_root\app_workspaces\niconico-archiver\test_rec\123_user
2025-09-11 19:45:58 - INFO - [123] 監視開始: C:\project_root\app_workspaces\niconico-archiver\test_rec\123_user
2025-09-11 19:45:58 - INFO - [123] 自動監視開始
2025-09-11 19:47:06 - INFO - [123] 監視停止
2025-09-11 19:47:34 - INFO - [123] アカウントディレクトリ発見: C:\project_root\app_workspaces\niconico-archiver\test_rec\123_user
2025-09-11 19:47:34 - INFO - [123] 監視開始: C:\project_root\app_workspaces\niconico-archiver\test_rec\123_user
2025-09-11 19:47:34 - INFO - [123] 自動監視開始
2025-09-11 19:50:44 - INFO - [123] パイプライン処理完了: lv123456
2025-09-11 20:56:42 - INFO - [123] アカウントディレクトリ発見: C:\project_root\app_workspaces\niconico-archiver\test_rec\123_user
2025-09-11 20:56:42 - INFO - [123] 監視開始: C:\project_root\app_workspaces\niconico-archiver\test_rec\123_user
2025-09-11 20:56:42 - INFO - [123] 自動監視開始
2025-09-11 20:59:21 - INFO - [123] パイプライン処理完了: lv123456
2025-09-11 21:18:12 - INFO - [123] アカウントディレクトリ発見: C:\project_root\app_workspaces\niconico-archiver\test_rec\123_user
2025-09-11 21:18:12 - INFO - [123] 監視開始: C:\project_root\app_workspaces\niconico-archiver\test_rec\123_user
2025-09-11 21:18:12 - INFO - [123] 自動監視開始
2025-09-11 21:21:14 - INFO - [123] パイプライン処理完了: lv123456
2025-09-11 21:30:02 - INFO - [123] アカウントディレクトリ発見: C:\project_root\app_workspaces\niconico-archiver\test_rec\123_user
2025-09-11 21:30:02 - INFO - [123] 監視開始: C:\project_root\app_workspaces\niconico-archiver\test_rec\123_user
2025-09-11 21:30:02 - INFO - [123] 自動監視開始
2025-09-11 21:33:13 - INFO - [123] パイプライン処理完了: lv123456
2025-09-11 21:41:20 - INFO - [123] アカウントディレクトリ発見: C:\project_root\app_workspaces\niconico-archiver\test_rec\123_user
2025-09-11 21:41:20 - INFO - [123] 監視開始: C:\project_root\app_workspaces\niconico-archiver\test_rec\123_user
2025-09-11 21:41:20 - INFO - [123] 自動監視開始
2025-09-11 21:41:41 - INFO - [123] 監視停止
2025-09-11 21:57:07 - INFO - [123] アカウントディレクトリ発見: C:\project_root\app_workspaces\niconico-archiver\test_rec\123_user
2025-09-11 21:57:07 - INFO - [123] 監視開始: C:\project_root\app_workspaces\niconico-archiver\test_rec\123_user
2025-09-11 21:57:07 - INFO - [123] 自動監視開始
2025-09-11 22:07:11 - INFO - [123] アカウントディレクトリ発見: C:\project_root\app_workspaces\niconico-archiver\test_rec\123_user
2025-09-11 22:07:11 - INFO - [123] 監視開始: C:\project_root\app_workspaces\niconico-archiver\test_rec\123_user
2025-09-11 22:07:11 - INFO - [123] 自動監視開始
2025-09-11 22:13:17 - INFO - [123] アカウントディレクトリ発見: C:\project_root\app_workspaces\niconico-archiver\test_rec\123_user
2025-09-11 22:13:17 - INFO - [123] 監視開始: C:\project_root\app_workspaces\niconico-archiver\test_rec\123_user
2025-09-11 22:13:17 - INFO - [123] 自動監視開始
2025-09-11 22:17:08 - INFO - [123] アカウントディレクトリ発見: C:\project_root\app_workspaces\niconico-archiver\test_rec\123_user
2025-09-11 22:17:08 - INFO - [123] 監視開始: C:\project_root\app_workspaces\niconico-archiver\test_rec\123_user
2025-09-11 22:17:08 - INFO - [123] 自動監視開始
2025-09-11 22:22:07 - INFO - [123] 監視停止
2025-09-11 22:22:11 - INFO - [123] アカウントディレクトリ発見: C:\project_root\app_workspaces\niconico-archiver\test_rec\123_user
2025-09-11 22:22:11 - INFO - [123] 監視開始: C:\project_root\app_workspaces\niconico-archiver\test_rec\123_user
2025-09-11 22:22:11 - INFO - [123] 自動監視開始
2025-09-11 22:26:24 - INFO - [123] アカウントディレクトリ発見: C:\project_root\app_workspaces\niconico-archiver\test_rec\123_user
2025-09-11 22:26:24 - INFO - [123] 監視開始: C:\project_root\app_workspaces\niconico-archiver\test_rec\123_user
2025-09-11 22:26:24 - INFO - [123] 自動監視開始
2025-09-11 22:27:28 - INFO - [123] 監視停止
2025-09-11 22:28:21 - INFO - [123] アカウントディレクトリ発見: C:\project_root\app_workspaces\niconico-archiver\test_rec\123_user
2025-09-11 22:28:21 - INFO - [123] 監視開始: C:\project_root\app_workspaces\niconico-archiver\test_rec\123_user
2025-09-11 22:28:21 - INFO - [123] 自動監視開始
2025-09-11 22:28:36 - INFO - [123] 監視停止
2025-09-11 22:31:32 - INFO - [123] アカウントディレクトリ発見: C:\project_root\app_workspaces\niconico-archiver\test_rec\123_user
2025-09-11 22:31:32 - INFO - [123] 監視開始: C:\project_root\app_workspaces\niconico-archiver\test_rec\123_user
2025-09-11 22:31:32 - INFO - [123] 自動監視開始
2025-09-11 22:32:49 - INFO - [123] 監視停止
2025-09-11 22:36:48 - INFO - [123] アカウントディレクトリ発見: C:\project_root\app_workspaces\niconico-archiver\test_rec\123_user
2025-09-11 22:36:48 - INFO - [123] 監視開始: C:\project_root\app_workspaces\niconico-archiver\test_rec\123_user
2025-09-11 22:36:48 - INFO - [123] 自動監視開始
2025-09-11 22:38:12 - INFO - [123] 監視停止
2025-09-11 22:39:05 - INFO - [123] アカウントディレクトリ発見: C:\project_root\app_workspaces\niconico-archiver\test_rec\123_user
2025-09-11 22:39:05 - INFO - [123] 監視開始: C:\project_root\app_workspaces\niconico-archiver\test_rec\123_user
2025-09-11 22:39:05 - INFO - [123] 自動監視開始
2025-09-11 22:46:16 - INFO - [123] アカウントディレクトリ発見: C:\project_root\app_workspaces\niconico-archiver\test_rec\123_user
2025-09-11 22:46:16 - INFO - [123] 監視開始: C:\project_root\app_workspaces\niconico-archiver\test_rec\123_user
2025-09-11 22:46:16 - INFO - [123] 自動監視開始
2025-09-11 22:49:41 - INFO - [123] アカウントディレクトリ発見: C:\project_root\app_workspaces\niconico-archiver\test_rec\123_user
2025-09-11 22:49:41 - INFO - [123] 監視開始: C:\project_root\app_workspaces\niconico-archiver\test_rec\123_user
2025-09-11 22:49:41 - INFO - [123] 自動監視開始
2025-09-11 22:53:51 - INFO - [123] アカウントディレクトリ発見: C:\project_root\app_workspaces\niconico-archiver\test_rec\123_user
2025-09-11 22:53:51 - INFO - [123] 監視開始: C:\project_root\app_workspaces\niconico-archiver\test_rec\123_user
2025-09-11 22:53:51 - INFO - [123] 自動監視開始
2025-09-11 22:53:54 - INFO - [123] 監視停止
2025-09-11 22:54:03 - INFO - [123] アカウントディレクトリ発見: C:\project_root\app_workspaces\niconico-archiver\test_rec\123_user
2025-09-11 22:54:03 - INFO - [123] 監視開始: C:\project_root\app_workspaces\niconico-archiver\test_rec\123_user
2025-09-11 22:54:03 - INFO - [123] 自動監視開始
2025-09-11 22:57:19 - INFO - [123] パイプライン処理完了: lv123456
2025-09-11 23:03:45 - INFO - [123] アカウントディレクトリ発見: C:\project_root\app_workspaces\niconico-archiver\test_rec\123_user
2025-09-11 23:03:45 - INFO - [123] 監視開始: C:\project_root\app_workspaces\niconico-archiver\test_rec\123_user
2025-09-11 23:03:45 - INFO - [123] 自動監視開始
2025-09-11 23:04:02 - INFO - [123] アカウントディレクトリ発見: C:\project_root\app_workspaces\niconico-archiver\test_rec\123_user
2025-09-11 23:04:02 - INFO - [123] 監視開始: C:\project_root\app_workspaces\niconico-archiver\test_rec\123_user
2025-09-11 23:04:02 - INFO - [123] 自動監視開始
2025-09-12 01:38:32 - INFO - [123] アカウントディレクトリ発見: C:\project_root\app_workspaces\niconico-archiver\test_rec\123_user
2025-09-12 01:38:32 - INFO - [123] 監視開始: C:\project_root\app_workspaces\niconico-archiver\test_rec\123_user
2025-09-12 01:38:32 - INFO - [123] 自動監視開始
2025-09-12 01:38:54 - INFO - [123] 監視停止
2025-09-12 02:27:03 - INFO - [123] アカウントディレクトリ発見: C:\project_root\app_workspaces\niconico-archiver\test_rec\123_user
2025-09-12 02:27:03 - INFO - [123] 監視開始: C:\project_root\app_workspaces\niconico-archiver\test_rec\123_user
2025-09-12 02:27:03 - INFO - [123 (テストの人)] 自動監視開始
2025-09-12 02:31:38 - INFO - [123] パイプライン処理完了: lv123456
2025-09-12 02:44:13 - INFO - [123] アカウントディレクトリ発見: C:\project_root\app_workspaces\niconico-archiver\test_rec\123_user
2025-09-12 02:44:13 - INFO - [123] 監視開始: C:\project_root\app_workspaces\niconico-archiver\test_rec\123_user
2025-09-12 02:44:13 - INFO - [123 (テストの人)] 自動監視開始
2025-09-12 02:44:20 - INFO - [123] 監視停止
2025-09-12 02:44:26 - INFO - [123] アカウントディレクトリ発見: C:\project_root\app_workspaces\niconico-archiver\test_rec\123_user
2025-09-12 02:44:26 - INFO - [123] 監視開始: C:\project_root\app_workspaces\niconico-archiver\test_rec\123_user
2025-09-12 02:44:26 - INFO - [123 (テストの人)] 自動監視開始
2025-09-12 02:47:38 - INFO - [123] パイプライン処理完了: lv123456
2025-09-12 02:56:28 - INFO - [123] アカウントディレクトリ発見: C:\project_root\app_workspaces\niconico-archiver\test_rec\123_user
2025-09-12 02:56:28 - INFO - [123] 監視開始: C:\project_root\app_workspaces\niconico-archiver\test_rec\123_user
2025-09-12 02:56:28 - INFO - [123 (テストの人)] 自動監視開始
2025-09-12 02:56:42 - INFO - [123] 監視停止
2025-09-12 02:56:46 - INFO - [123] アカウントディレクトリ発見: C:\project_root\app_workspaces\niconico-archiver\test_rec\123_user
2025-09-12 02:56:46 - INFO - [123] 監視開始: C:\project_root\app_workspaces\niconico-archiver\test_rec\123_user
2025-09-12 02:56:46 - INFO - [123 (テストの人)] 自動監視開始
2025-09-12 03:00:02 - INFO - [123] パイプライン処理完了: lv123456
2025-09-12 03:04:17 - INFO - [123] アカウントディレクトリ発見: C:\project_root\app_workspaces\niconico-archiver\test_rec\123_user
2025-09-12 03:04:17 - INFO - [123] 監視開始: C:\project_root\app_workspaces\niconico-archiver\test_rec\123_user
2025-09-12 03:04:17 - INFO - [123 (テストの人)] 自動監視開始
2025-09-12 03:04:27 - INFO - [123] 監視停止
2025-09-12 03:04:30 - INFO - [123] アカウントディレクトリ発見: C:\project_root\app_workspaces\niconico-archiver\test_rec\123_user
2025-09-12 03:04:30 - INFO - [123] 監視開始: C:\project_root\app_workspaces\niconico-archiver\test_rec\123_user
2025-09-12 03:04:30 - INFO - [123 (テストの人)] 自動監視開始
2025-09-12 03:09:09 - INFO - [123] パイプライン処理完了: lv123456
2025-09-12 03:13:23 - INFO - [123] アカウントディレクトリ発見: C:\project_root\app_workspaces\niconico-archiver\test_rec\123_user
2025-09-12 03:13:23 - INFO - [123] 監視開始: C:\project_root\app_workspaces\niconico-archiver\test_rec\123_user
2025-09-12 03:13:23 - INFO - [123 (テストの人)] 自動監視開始
2025-09-12 03:16:16 - INFO - [123] パイプライン処理完了: lv123456
2025-09-13 03:19:32 - INFO - [123] アカウントディレクトリ発見: C:\project_root\app_workspaces\niconico-archiver\test_rec\123_user
2025-09-13 03:19:32 - INFO - [123] 監視開始: C:\project_root\app_workspaces\niconico-archiver\test_rec\123_user
2025-09-13 03:19:32 - INFO - [123 (テストの人)] 自動監視開始
2025-09-13 04:24:54 - INFO - [123] アカウントディレクトリ発見: C:\project_root\app_workspaces\niconico-archiver\test_rec\123_user
2025-09-13 04:24:54 - INFO - [123] 監視開始: C:\project_root\app_workspaces\niconico-archiver\test_rec\123_user
2025-09-13 04:24:54 - INFO - [123 (テストの人)] 自動監視開始
2025-09-13 04:28:58 - INFO - [123] パイプライン処理完了: lv123456
2025-09-13 04:46:02 - INFO - [123] アカウントディレクトリ発見: C:\project_root\app_workspaces\niconico-archiver\test_rec\123_user
2025-09-13 04:46:02 - INFO - [123] 監視開始: C:\project_root\app_workspaces\niconico-archiver\test_rec\123_user
2025-09-13 04:46:02 - INFO - [123 (テストの人)] 自動監視開始
2025-09-13 13:28:47 - INFO - [123] アカウントディレクトリ発見: C:\project_root\app_workspaces\niconico-archiver\test_rec\123_user
2025-09-13 13:28:47 - INFO - [123] 監視開始: C:\project_root\app_workspaces\niconico-archiver\test_rec\123_user
2025-09-13 13:28:47 - INFO - [123 (テストの人)] 自動監視開始
2025-09-13 13:33:07 - INFO - [123] アカウントディレクトリ発見: C:\project_root\app_workspaces\niconico-archiver\test_rec\123_user
2025-09-13 13:33:07 - INFO - [123] 監視開始: C:\project_root\app_workspaces\niconico-archiver\test_rec\123_user
2025-09-13 13:33:07 - INFO - [123 (テストの人)] 自動監視開始
2025-09-13 13:33:58 - INFO - [123] パイプライン処理完了: lv123456
2025-09-13 13:35:23 - INFO - [123] 監視停止
2025-09-13 13:51:41 - INFO - [123] アカウントディレクトリ発見: C:\project_root\app_workspaces\niconico-archiver\test_rec\123_user
2025-09-13 13:51:41 - INFO - [123] 監視開始: C:\project_root\app_workspaces\niconico-archiver\test_rec\123_user
2025-09-13 13:51:41 - INFO - [123 (テストの人)] 自動監視開始
2025-09-13 13:55:18 - INFO - [123] アカウントディレクトリ発見: C:\project_root\app_workspaces\niconico-archiver\test_rec\123_user
2025-09-13 13:55:18 - INFO - [123] 監視開始: C:\project_root\app_workspaces\niconico-archiver\test_rec\123_user
2025-09-13 13:55:18 - INFO - [123 (テストの人)] 自動監視開始
2025-09-13 13:58:29 - INFO - [123] パイプライン処理完了: lv123456
2025-09-13 13:59:53 - INFO - [123] アカウントディレクトリ発見: C:\project_root\app_workspaces\niconico-archiver\test_rec\123_user
2025-09-13 13:59:53 - INFO - [123] 監視開始: C:\project_root\app_workspaces\niconico-archiver\test_rec\123_user
2025-09-13 13:59:53 - INFO - [123 (テストの人)] 自動監視開始
2025-09-13 14:02:10 - INFO - [123] アカウントディレクトリ発見: C:\project_root\app_workspaces\niconico-archiver\test_rec\123_user
2025-09-13 14:02:10 - INFO - [123] 監視開始: C:\project_root\app_workspaces\niconico-archiver\test_rec\123_user
2025-09-13 14:02:10 - INFO - [123 (テストの人)] 自動監視開始
2025-09-13 14:04:36 - INFO - [123] パイプライン処理完了: lv123456
2025-09-13 14:21:55 - INFO - [123] 監視停止
2025-09-13 14:29:51 - INFO - [123] アカウントディレクトリ発見: C:\project_root\app_workspaces\niconico-archiver\test_rec\123_user
2025-09-13 14:29:51 - INFO - [123] 監視開始: C:\project_root\app_workspaces\niconico-archiver\test_rec\123_user
2025-09-13 14:29:51 - INFO - [123 (テストの人)] 自動監視開始
2025-09-13 14:30:38 - INFO - [123] 監視停止
2025-09-13 14:30:38 - INFO - 全ての監視を停止しました
2025-09-13 14:30:40 - INFO - [123] アカウントディレクトリ発見: C:\project_root\app_workspaces\niconico-archiver\test_rec\123_user
2025-09-13 14:30:40 - INFO - [123] 監視開始: C:\project_root\app_workspaces\niconico-archiver\test_rec\123_user
2025-09-13 14:30:40 - INFO - [123 (テストの人)] 監視開始
2025-09-13 14:44:56 - INFO - [123] アカウントディレクトリ発見: C:\project_root\app_workspaces\niconico-archiver\test_rec\123_user
2025-09-13 14:44:56 - INFO - [123] 監視開始: C:\project_root\app_workspaces\niconico-archiver\test_rec\123_user
2025-09-13 14:44:56 - INFO - [123 (テストの人)] 自動監視開始
2025-09-13 14:46:56 - INFO - [123] アカウントディレクトリ発見: C:\project_root\app_workspaces\niconico-archiver\test_rec\123_user
2025-09-13 14:46:56 - INFO - [123] 監視開始: C:\project_root\app_workspaces\niconico-archiver\test_rec\123_user
2025-09-13 14:46:56 - INFO - [123 (テストの人)] 自動監視開始
2025-09-13 15:10:33 - INFO - [123] アカウントディレクトリ発見: C:\project_root\app_workspaces\niconico-archiver\test_rec\123_user
2025-09-13 15:10:33 - INFO - [123] 監視開始: C:\project_root\app_workspaces\niconico-archiver\test_rec\123_user
2025-09-13 15:10:33 - INFO - [123 (テストの人)] 自動監視開始
2025-09-13 15:13:21 - INFO - [123] アカウントディレクトリ発見: C:\project_root\app_workspaces\niconico-archiver\test_rec\123_user
2025-09-13 15:13:21 - INFO - [123] 監視開始: C:\project_root\app_workspaces\niconico-archiver\test_rec\123_user
2025-09-13 15:13:21 - INFO - [123 (テストの人)] 自動監視開始
2025-09-13 15:16:27 - INFO - [123] アカウントディレクトリ発見: C:\project_root\app_workspaces\niconico-archiver\test_rec\123_user
2025-09-13 15:16:27 - INFO - [123] 監視開始: C:\project_root\app_workspaces\niconico-archiver\test_rec\123_user
2025-09-13 15:16:27 - INFO - [123 (テストの人)] 自動監視開始
2025-09-13 15:16:42 - INFO - [123] 監視停止
2025-09-13 15:16:46 - INFO - [123] アカウントディレクトリ発見: C:\project_root\app_workspaces\niconico-archiver\test_rec\123_user
2025-09-13 15:16:46 - INFO - [123] 監視開始: C:\project_root\app_workspaces\niconico-archiver\test_rec\123_user
2025-09-13 15:16:46 - INFO - [123 (テストの人)] 自動監視開始
2025-09-13 15:35:24 - INFO - [123] アカウントディレクトリ発見: C:\project_root\app_workspaces\niconico-archiver\test_rec\123_user
2025-09-13 15:35:24 - INFO - [123] 監視開始: C:\project_root\app_workspaces\niconico-archiver\test_rec\123_user
2025-09-13 15:35:24 - INFO - [123 (テストの人)] 自動監視開始
2025-09-13 15:36:18 - INFO - [123] アカウントディレクトリ発見: C:\project_root\app_workspaces\niconico-archiver\test_rec\123_user
2025-09-13 15:36:18 - INFO - [123] 監視開始: C:\project_root\app_workspaces\niconico-archiver\test_rec\123_user
2025-09-13 15:36:18 - INFO - [123 (テストの人)] 自動監視開始
2025-09-13 15:41:31 - INFO - [123] アカウントディレクトリ発見: C:\project_root\app_workspaces\niconico-archiver\test_rec\123_user
2025-09-13 15:41:31 - INFO - [123] 監視開始: C:\project_root\app_workspaces\niconico-archiver\test_rec\123_user
2025-09-13 15:41:31 - INFO - [123 (テストの人)] 自動監視開始
2025-09-15 06:42:26 - INFO - [123] アカウントディレクトリ発見: C:\project_root\app_workspaces\niconico-archiver\test_rec\123_user
2025-09-15 06:42:26 - INFO - [123] 監視開始: C:\project_root\app_workspaces\niconico-archiver\test_rec\123_user
2025-09-15 06:42:26 - INFO - [123 (テストの人)] 自動監視開始
2025-09-15 07:09:05 - INFO - [123] アカウントディレクトリ発見: C:\project_root\app_workspaces\niconico-archiver\test_rec\123_user
2025-09-15 07:09:05 - INFO - [123] 監視開始: C:\project_root\app_workspaces\niconico-archiver\test_rec\123_user
2025-09-15 07:09:05 - INFO - [123 (テストの人)] 自動監視開始
2025-09-15 07:09:17 - INFO - [123] 監視停止
2025-09-15 07:11:56 - INFO - [123] アカウントディレクトリ発見: C:\project_root\app_workspaces\niconico-archiver\test_rec\123_user
2025-09-15 07:11:56 - INFO - [123] 監視開始: C:\project_root\app_workspaces\niconico-archiver\test_rec\123_user
2025-09-15 07:11:56 - INFO - [123 (テストの人)] 自動監視開始
2025-09-15 07:25:39 - INFO - [123] アカウントディレクトリ発見: C:\project_root\app_workspaces\niconico-archiver\test_rec\123_user
2025-09-15 07:25:39 - INFO - [123] 監視開始: C:\project_root\app_workspaces\niconico-archiver\test_rec\123_user
2025-09-15 07:25:39 - INFO - [123 (テストの人)] 自動監視開始
2025-09-15 07:29:38 - INFO - [123] アカウントディレクトリ発見: C:\project_root\app_workspaces\niconico-archiver\test_rec\123_user
2025-09-15 07:29:38 - INFO - [123] 監視開始: C:\project_root\app_workspaces\niconico-archiver\test_rec\123_user
2025-09-15 07:29:38 - INFO - [123 (テストの人)] 自動監視開始
2025-09-15 07:32:01 - INFO - [123] アカウントディレクトリ発見: C:\project_root\app_workspaces\niconico-archiver\test_rec\123_user
2025-09-15 07:32:01 - INFO - [123] 監視開始: C:\project_root\app_workspaces\niconico-archiver\test_rec\123_user
2025-09-15 07:32:01 - INFO - [123 (テストの人)] 自動監視開始
2025-09-15 08:42:27 - INFO - [123] アカウントディレクトリ発見: C:\project_root\app_workspaces\niconico-archiver\test_rec\123_user
2025-09-15 08:42:27 - INFO - [123] 監視開始: C:\project_root\app_workspaces\niconico-archiver\test_rec\123_user
2025-09-15 08:42:27 - INFO - [123 (テストの人)] 自動監視開始
2025-09-15 08:42:29 - INFO - [123] 監視停止
2025-09-15 08:43:48 - INFO - [117396334] 監視ディレクトリが存在しません: F:\project_root\app_workspaces\niconico-archiver\rec
2025-09-15 08:46:15 - INFO - [117396334] 監視ディレクトリが存在しません: F:\project_root\app_workspaces\niconico-archiver\rec
2025-09-15 08:46:15 - INFO - [117396334] 監視開始: F:\project_root\app_workspaces\niconico-archiver\rec
2025-09-15 08:46:15 - INFO - [117396334 (☆キチ害メンヘラGOD☆)] 自動監視開始
2025-09-15 08:47:42 - INFO - [117396334] 監視ディレクトリが存在しません: F:\project_root\app_workspaces\niconico-archiver\rec
2025-09-15 08:47:42 - INFO - [117396334] 監視開始: F:\project_root\app_workspaces\niconico-archiver\rec
2025-09-15 08:47:42 - INFO - [117396334 (☆キチ害メンヘラGOD☆)] 自動監視開始
2025-09-15 08:55:14 - INFO - [117396334] アカウントディレクトリ作成: F:\project_root\app_workspaces\niconico-archiver\rec\117396334_user
2025-09-15 08:55:14 - INFO - [117396334] 監視開始: F:\project_root\app_workspaces\niconico-archiver\rec\117396334_user
2025-09-15 08:55:14 - INFO - [117396334 (☆キチ害メンヘラGOD☆)] 自動監視開始
2025-09-15 08:59:30 - INFO - [117396334] アカウントディレクトリ発見: F:\project_root\app_workspaces\niconico-archiver\rec\117396334_user
2025-09-15 09:00:20 - INFO - [117396334] アカウントディレクトリ発見: F:\project_root\app_workspaces\niconico-archiver\rec\117396334_user
2025-09-15 09:00:20 - INFO - [117396334] 監視開始: F:\project_root\app_workspaces\niconico-archiver\rec\117396334_user
2025-09-15 09:00:20 - INFO - [117396334 (☆キチ害メンヘラGOD☆)] 自動監視開始
2025-09-15 09:00:40 - INFO - [117396334] 監視停止
2025-09-15 09:00:45 - INFO - [117396334] アカウントディレクトリ作成: F:\project_root\app_workspaces\niconico-archiver\rec\117396334_☆キチ害メンヘラGOD☆
2025-09-15 09:00:45 - INFO - [117396334] 監視開始: F:\project_root\app_workspaces\niconico-archiver\rec\117396334_☆キチ害メンヘラGOD☆
2025-09-15 09:00:45 - INFO - [117396334 (☆キチ害メンヘラGOD☆)] 自動監視開始
2025-09-15 09:04:06 - INFO - [117396334] 監視停止
2025-09-15 15:26:32 - INFO - [123] アカウントディレクトリ発見: C:\project_root\app_workspaces\niconico-archiver\test_rec\123_user
2025-09-15 15:26:32 - INFO - [123] 監視開始: C:\project_root\app_workspaces\niconico-archiver\test_rec\123_user
2025-09-15 15:26:32 - INFO - [123 (テストの人)] 自動監視開始
2025-09-15 15:26:32 - INFO - [117396334] アカウントディレクトリ作成: C:\project_root\app_workspaces\niconico-archiver\test_rec\117396334_☆キチ害メンヘラGOD☆
2025-09-15 15:26:32 - INFO - [117396334] 監視開始: C:\project_root\app_workspaces\niconico-archiver\test_rec\117396334_☆キチ害メンヘラGOD☆
2025-09-15 15:26:32 - INFO - [117396334 (☆キチ害メンヘラGOD☆)] 自動監視開始
2025-09-18 16:39:46 - INFO - [123] アカウントディレクトリ発見: C:\project_root\app_workspaces\niconico-archiver\test_rec\123_user
2025-09-18 16:39:46 - INFO - [123] 監視開始: C:\project_root\app_workspaces\niconico-archiver\test_rec\123_user
2025-09-18 16:39:46 - INFO - [123 (テストの人)] 自動監視開始
2025-09-18 16:39:46 - INFO - [117396334] アカウントディレクトリ発見: C:\project_root\app_workspaces\niconico-archiver\test_rec\117396334_☆キチ害メンヘラGOD☆
2025-09-18 16:39:46 - INFO - [117396334] 監視開始: C:\project_root\app_workspaces\niconico-archiver\test_rec\117396334_☆キチ害メンヘラGOD☆
2025-09-18 16:39:46 - INFO - [117396334 (☆キチ害メンヘラGOD☆)] 自動監視開始
2025-09-18 17:26:46 - INFO - [123] アカウントディレクトリ発見: C:\project_root\app_workspaces\niconico-archiver\test_rec\123_user
2025-09-18 17:26:46 - INFO - [123] 監視開始: C:\project_root\app_workspaces\niconico-archiver\test_rec\123_user
2025-09-18 17:26:46 - INFO - [123 (テストの人)] 自動監視開始
2025-09-18 17:26:46 - INFO - [117396334] アカウントディレクトリ発見: C:\project_root\app_workspaces\niconico-archiver\test_rec\117396334_☆キチ害メンヘラGOD☆
2025-09-18 17:26:46 - INFO - [117396334] 監視開始: C:\project_root\app_workspaces\niconico-archiver\test_rec\117396334_☆キチ害メンヘラGOD☆
2025-09-18 17:26:46 - INFO - [117396334 (☆キチ害メンヘラGOD☆)] 自動監視開始
2025-09-18 17:27:36 - INFO - [123] アカウントディレクトリ発見: C:\project_root\app_workspaces\niconico-archiver\test_rec\123_user
2025-09-18 17:27:36 - INFO - [123] 監視開始: C:\project_root\app_workspaces\niconico-archiver\test_rec\123_user
2025-09-18 17:27:36 - INFO - [123 (テストの人)] 自動監視開始
2025-09-18 17:27:36 - INFO - [117396334] アカウントディレクトリ発見: C:\project_root\app_workspaces\niconico-archiver\test_rec\117396334_☆キチ害メンヘラGOD☆
2025-09-18 17:27:36 - INFO - [117396334] 監視開始: C:\project_root\app_workspaces\niconico-archiver\test_rec\117396334_☆キチ害メンヘラGOD☆
2025-09-18 17:27:36 - INFO - [117396334 (☆キチ害メンヘラGOD☆)] 自動監視開始
2025-09-18 17:27:53 - INFO - [123] 監視停止
2025-09-18 17:27:53 - INFO - [117396334] 監視停止
2025-09-18 17:32:33 - INFO - [123] アカウントディレクトリ発見: C:\project_root\app_workspaces\niconico-archiver\test_rec\123_user
2025-09-18 17:32:33 - INFO - [123] 監視開始: C:\project_root\app_workspaces\niconico-archiver\test_rec\123_user
2025-09-18 17:32:33 - INFO - [123 (テストの人)] 自動監視開始
2025-09-18 17:32:33 - INFO - [117396334] アカウントディレクトリ発見: C:\project_root\app_workspaces\niconico-archiver\test_rec\117396334_☆キチ害メンヘラGOD☆
2025-09-18 17:32:33 - INFO - [117396334] 監視開始: C:\project_root\app_workspaces\niconico-archiver\test_rec\117396334_☆キチ害メンヘラGOD☆
2025-09-18 17:32:33 - INFO - [117396334 (☆キチ害メンヘラGOD☆)] 自動監視開始
2025-09-18 17:33:13 - INFO - [123] 監視停止
2025-09-18 17:33:13 - INFO - [117396334] 監視停止
2025-09-18 17:33:17 - INFO - [123] アカウントディレクトリ発見: C:\project_root\app_workspaces\niconico-archiver\test_rec\123_user
2025-09-18 17:33:17 - INFO - [123] 監視開始: C:\project_root\app_workspaces\niconico-archiver\test_rec\123_user
2025-09-18 17:33:17 - INFO - [123 (テストの人)] 自動監視開始
2025-09-18 17:33:17 - INFO - [117396334] アカウントディレクトリ発見: C:\project_root\app_workspaces\niconico-archiver\test_rec\117396334_☆キチ害メンヘラGOD☆
2025-09-18 17:33:17 - INFO - [117396334] 監視開始: C:\project_root\app_workspaces\niconico-archiver\test_rec\117396334_☆キチ害メンヘラGOD☆
2025-09-18 17:33:17 - INFO - [117396334 (☆キチ害メンヘラGOD☆)] 自動監視開始
2025-09-18 17:33:34 - INFO - [123] 監視停止
2025-09-18 17:33:34 - INFO - [117396334] 監視停止
2025-09-18 17:33:43 - INFO - [123] アカウントディレクトリ発見: C:\project_root\app_workspaces\niconico-archiver\test_rec\123_user
2025-09-18 17:33:43 - INFO - [123] 監視開始: C:\project_root\app_workspaces\niconico-archiver\test_rec\123_user
2025-09-18 17:33:43 - INFO - [123 (テストの人)] 自動監視開始
2025-09-18 17:33:43 - INFO - [117396334] アカウントディレクトリ発見: C:\project_root\app_workspaces\niconico-archiver\test_rec\117396334_☆キチ害メンヘラGOD☆
2025-09-18 17:33:43 - INFO - [117396334] 監視開始: C:\project_root\app_workspaces\niconico-archiver\test_rec\117396334_☆キチ害メンヘラGOD☆
2025-09-18 17:33:43 - INFO - [117396334 (☆キチ害メンヘラGOD☆)] 自動監視開始
2025-09-18 17:34:50 - INFO - [123] 監視停止
2025-09-18 17:34:50 - INFO - [117396334] 監視停止
2025-09-21 02:31:09 - INFO - [123] アカウントディレクトリ発見: C:\project_root\app_workspaces\niconico-archiver\test_rec\123_user
2025-09-21 02:31:09 - INFO - [123] 監視開始: C:\project_root\app_workspaces\niconico-archiver\test_rec\123_user
2025-09-21 02:31:09 - INFO - [123 (テストの人)] 自動監視開始
2025-09-21 02:31:09 - INFO - [117396334] アカウントディレクトリ作成: C:\project_root\app_workspaces\niconico-archiver\rec\117396334_☆キチ害メンヘラGOD☆
2025-09-21 02:31:09 - INFO - [117396334] 監視開始: C:\project_root\app_workspaces\niconico-archiver\rec\117396334_☆キチ害メンヘラGOD☆
2025-09-21 02:31:09 - INFO - [117396334 (☆キチ害メンヘラGOD☆)] 自動監視開始
2025-09-21 10:55:47 - INFO - [123] アカウントディレクトリ発見: C:\project_root\app_workspaces\niconico-archiver\rec\123_テスト配信者
2025-09-21 10:55:47 - INFO - [123] 監視開始: C:\project_root\app_workspaces\niconico-archiver\rec\123_テスト配信者
2025-09-21 10:55:47 - INFO - [123 (テスト配信者)] 自動監視開始
2025-09-21 10:55:47 - INFO - [117396334] アカウントディレクトリ発見: C:\project_root\app_workspaces\niconico-archiver\rec\117396334_☆キチ害メンヘラGOD☆
2025-09-21 10:55:47 - INFO - [117396334] 監視開始: C:\project_root\app_workspaces\niconico-archiver\rec\117396334_☆キチ害メンヘラGOD☆
2025-09-21 10:55:47 - INFO - [117396334 (☆キチ害メンヘラGOD☆)] 自動監視開始
2025-09-21 11:01:09 - INFO - [140928608] アカウントディレクトリ発見: C:\project_root\app_workspaces\niconico-archiver\rec\140928608_あらず
2025-09-21 11:01:09 - INFO - [140928608] 監視開始: C:\project_root\app_workspaces\niconico-archiver\rec\140928608_あらず
2025-09-21 11:01:09 - INFO - [140928608 (あらず)] 監視開始
2025-09-21 13:47:10 - INFO - [123] アカウントディレクトリ発見: C:\project_root\app_workspaces\niconico-archiver\rec\123_テスト配信者
2025-09-21 13:47:10 - INFO - [123] 監視開始: C:\project_root\app_workspaces\niconico-archiver\rec\123_テスト配信者
2025-09-21 13:47:10 - INFO - [123 (テスト配信者)] 自動監視開始
2025-09-21 13:47:10 - INFO - [117396334] アカウントディレクトリ発見: C:\project_root\app_workspaces\niconico-archiver\rec\117396334_☆キチ害メンヘラGOD☆
2025-09-21 13:47:10 - INFO - [117396334] 監視開始: C:\project_root\app_workspaces\niconico-archiver\rec\117396334_☆キチ害メンヘラGOD☆
2025-09-21 13:47:10 - INFO - [117396334 (☆キチ害メンヘラGOD☆)] 自動監視開始
2025-09-21 13:47:10 - INFO - [140928608] アカウントディレクトリ発見: C:\project_root\app_workspaces\niconico-archiver\rec\140928608_あらず
2025-09-21 13:47:10 - INFO - [140928608] 監視開始: C:\project_root\app_workspaces\niconico-archiver\rec\140928608_あらず
2025-09-21 13:47:10 - INFO - [140928608 (あらず)] 自動監視開始
2025-09-21 13:52:26 - INFO - [703407] アカウントディレクトリ発見: C:\project_root\app_workspaces\niconico-archiver\rec\703407_えだ
2025-09-21 13:52:26 - INFO - [703407] 監視開始: C:\project_root\app_workspaces\niconico-archiver\rec\703407_えだ
2025-09-21 13:52:26 - INFO - [703407 (えだ)] 監視開始
2025-09-21 13:54:39 - INFO - [703407] パイプライン処理完了: lv348767451
2025-09-22 00:17:48 - INFO - [11955223] アカウントディレクトリ発見: C:\project_root\app_workspaces\niconico-archiver\rec\11955223_カール・ヴィンソン
2025-09-22 00:17:48 - INFO - [11955223] 監視開始: C:\project_root\app_workspaces\niconico-archiver\rec\11955223_カール・ヴィンソン
2025-09-22 00:17:48 - INFO - [11955223 (カール・ヴィンソン)] 監視開始
2025-09-22 00:32:46 - INFO - [11955223] パイプライン処理完了: lv348772131
2025-09-22 00:42:34 - INFO - [11955223] パイプライン処理完了: lv348772131
2025-09-22 00:45:50 - INFO - [11955223] パイプライン処理完了: lv348772131
2025-09-22 00:48:13 - INFO - [123] 監視停止
2025-09-22 00:48:13 - INFO - [117396334] 監視停止
2025-09-22 00:48:13 - INFO - [140928608] 監視停止
2025-09-22 00:48:13 - INFO - [703407] 監視停止
2025-09-22 00:48:13 - INFO - [11955223] 監視停止
2025-09-22 00:48:13 - INFO - 全ての監視を停止しました
2025-09-22 00:48:30 - INFO - [11955223] パイプライン処理完了: lv348772131
2025-09-22 00:54:50 - INFO - [11955223] アカウントディレクトリ発見: C:/Users/youzo/AppData/Roaming/posite-c/NiconamaCommentViewer/CommentLog\11955223_カール・ヴィンソン
2025-09-22 00:54:50 - INFO - [11955223] 監視開始: C:/Users/youzo/AppData/Roaming/posite-c/NiconamaCommentViewer/CommentLog\11955223_カール・ヴィンソン
2025-09-22 00:54:50 - INFO - [11955223 (カール・ヴィンソン)] 監視開始
2025-09-22 00:54:51 - INFO - [117396334] アカウントディレクトリ発見: C:\project_root\app_workspaces\niconico-archiver\rec\117396334_☆キチ害メンヘラGOD☆
2025-09-22 00:54:51 - INFO - [117396334] 監視開始: C:\project_root\app_workspaces\niconico-archiver\rec\117396334_☆キチ害メンヘラGOD☆
2025-09-22 00:54:51 - INFO - [117396334 (☆キチ害メンヘラGOD☆)] 監視開始
2025-09-22 01:09:01 - INFO - [11955223] パイプライン処理完了: lv348772131
2025-09-22 01:22:59 - INFO - [11955223] アカウントディレクトリ発見: C:\project_root\app_workspaces\niconico-archiver\rec\11955223_カール・ヴィンソン
2025-09-22 01:22:59 - INFO - [11955223] 監視開始: C:\project_root\app_workspaces\niconico-archiver\rec\11955223_カール・ヴィンソン
2025-09-22 01:22:59 - INFO - [11955223 (カール・ヴィンソン)] 自動監視開始
2025-09-22 01:22:59 - INFO - [117396334] アカウントディレクトリ発見: C:\project_root\app_workspaces\niconico-archiver\rec\117396334_☆キチ害メンヘラGOD☆
2025-09-22 01:22:59 - INFO - [117396334] 監視開始: C:\project_root\app_workspaces\niconico-archiver\rec\117396334_☆キチ害メンヘラGOD☆
2025-09-22 01:22:59 - INFO - [117396334 (☆キチ害メンヘラGOD☆)] 自動監視開始
2025-09-22 01:26:10 - INFO - [11955223] アカウントディレクトリ発見: C:\project_root\app_workspaces\niconico-archiver\rec\11955223_カール・ヴィンソン
2025-09-22 01:26:10 - INFO - [11955223] 監視開始: C:\project_root\app_workspaces\niconico-archiver\rec\11955223_カール・ヴィンソン
2025-09-22 01:26:10 - INFO - [11955223 (カール・ヴィンソン)] 自動監視開始
2025-09-22 01:26:10 - INFO - [117396334] アカウントディレクトリ発見: C:\project_root\app_workspaces\niconico-archiver\rec\117396334_☆キチ害メンヘラGOD☆
2025-09-22 01:26:10 - INFO - [117396334] 監視開始: C:\project_root\app_workspaces\niconico-archiver\rec\117396334_☆キチ害メンヘラGOD☆
2025-09-22 01:26:10 - INFO - [117396334 (☆キチ害メンヘラGOD☆)] 自動監視開始
2025-09-22 01:28:33 - INFO - [11955223] アカウントディレクトリ発見: C:\project_root\app_workspaces\niconico-archiver\rec\11955223_カール・ヴィンソン
2025-09-22 01:28:33 - INFO - [11955223] 監視開始: C:\project_root\app_workspaces\niconico-archiver\rec\11955223_カール・ヴィンソン
2025-09-22 01:28:33 - INFO - [11955223 (カール・ヴィンソン)] 自動監視開始
2025-09-22 01:28:33 - INFO - [117396334] アカウントディレクトリ発見: C:\project_root\app_workspaces\niconico-archiver\rec\117396334_☆キチ害メンヘラGOD☆
2025-09-22 01:28:33 - INFO - [117396334] 監視開始: C:\project_root\app_workspaces\niconico-archiver\rec\117396334_☆キチ害メンヘラGOD☆
2025-09-22 01:28:33 - INFO - [117396334 (☆キチ害メンヘラGOD☆)] 自動監視開始
2025-09-22 01:29:44 - INFO - [11955223] アカウントディレクトリ発見: C:\project_root\app_workspaces\niconico-archiver\rec\11955223_カール・ヴィンソン
2025-09-22 01:29:44 - INFO - [11955223] 監視開始: C:\project_root\app_workspaces\niconico-archiver\rec\11955223_カール・ヴィンソン
2025-09-22 01:29:44 - INFO - [11955223 (カール・ヴィンソン)] 自動監視開始
2025-09-22 01:29:44 - INFO - [117396334] アカウントディレクトリ発見: C:\project_root\app_workspaces\niconico-archiver\rec\117396334_☆キチ害メンヘラGOD☆
2025-09-22 01:29:44 - INFO - [117396334] 監視開始: C:\project_root\app_workspaces\niconico-archiver\rec\117396334_☆キチ害メンヘラGOD☆
2025-09-22 01:29:44 - INFO - [117396334 (☆キチ害メンヘラGOD☆)] 自動監視開始
2025-09-22 01:31:14 - INFO - [11955223] アカウントディレクトリ発見: C:\project_root\app_workspaces\niconico-archiver\rec\11955223_カール・ヴィンソン
2025-09-22 01:31:14 - INFO - [11955223] 監視開始: C:\project_root\app_workspaces\niconico-archiver\rec\11955223_カール・ヴィンソン
2025-09-22 01:31:14 - INFO - [11955223 (カール・ヴィンソン)] 自動監視開始
2025-09-22 01:31:14 - INFO - [117396334] アカウントディレクトリ発見: C:\project_root\app_workspaces\niconico-archiver\rec\117396334_☆キチ害メンヘラGOD☆
2025-09-22 01:31:14 - INFO - [117396334] 監視開始: C:\project_root\app_workspaces\niconico-archiver\rec\117396334_☆キチ害メンヘラGOD☆
2025-09-22 01:31:14 - INFO - [117396334 (☆キチ害メンヘラGOD☆)] 自動監視開始
2025-09-22 01:31:44 - INFO - [11955223] パイプライン処理完了: lv348772131
2025-09-22 01:38:51 - INFO - [11955223] アカウントディレクトリ発見: C:\project_root\app_workspaces\niconico-archiver\rec\11955223_カール・ヴィンソン
2025-09-22 01:38:51 - INFO - [11955223] 監視開始: C:\project_root\app_workspaces\niconico-archiver\rec\11955223_カール・ヴィンソン
2025-09-22 01:38:51 - INFO - [11955223 (カール・ヴィンソン)] 自動監視開始
2025-09-22 01:38:51 - INFO - [117396334] アカウントディレクトリ発見: C:\project_root\app_workspaces\niconico-archiver\rec\117396334_☆キチ害メンヘラGOD☆
2025-09-22 01:38:51 - INFO - [117396334] 監視開始: C:\project_root\app_workspaces\niconico-archiver\rec\117396334_☆キチ害メンヘラGOD☆
2025-09-22 01:38:51 - INFO - [117396334 (☆キチ害メンヘラGOD☆)] 自動監視開始
2025-09-22 01:39:15 - INFO - [11955223] アカウントディレクトリ発見: C:\project_root\app_workspaces\niconico-archiver\rec\11955223_カール・ヴィンソン
2025-09-22 01:39:15 - INFO - [11955223] 監視開始: C:\project_root\app_workspaces\niconico-archiver\rec\11955223_カール・ヴィンソン
2025-09-22 01:39:15 - INFO - [11955223 (カール・ヴィンソン)] 自動監視開始
2025-09-22 01:39:15 - INFO - [117396334] アカウントディレクトリ発見: C:\project_root\app_workspaces\niconico-archiver\rec\117396334_☆キチ害メンヘラGOD☆
2025-09-22 01:39:15 - INFO - [117396334] 監視開始: C:\project_root\app_workspaces\niconico-archiver\rec\117396334_☆キチ害メンヘラGOD☆
2025-09-22 01:39:15 - INFO - [117396334 (☆キチ害メンヘラGOD☆)] 自動監視開始
2025-09-22 01:40:33 - INFO - [11955223] アカウントディレクトリ発見: C:\project_root\app_workspaces\niconico-archiver\rec\11955223_カール・ヴィンソン
2025-09-22 01:40:33 - INFO - [11955223] 監視開始: C:\project_root\app_workspaces\niconico-archiver\rec\11955223_カール・ヴィンソン
2025-09-22 01:40:33 - INFO - [11955223 (カール・ヴィンソン)] 自動監視開始
2025-09-22 01:40:33 - INFO - [117396334] アカウントディレクトリ発見: C:\project_root\app_workspaces\niconico-archiver\rec\117396334_☆キチ害メンヘラGOD☆
2025-09-22 01:40:33 - INFO - [117396334] 監視開始: C:\project_root\app_workspaces\niconico-archiver\rec\117396334_☆キチ害メンヘラGOD☆
2025-09-22 01:40:33 - INFO - [117396334 (☆キチ害メンヘラGOD☆)] 自動監視開始
2025-09-22 01:41:04 - INFO - [11955223] パイプライン処理完了: lv348772131
2025-09-22 01:43:32 - INFO - [11955223] アカウントディレクトリ発見: C:\project_root\app_workspaces\niconico-archiver\rec\11955223_カール・ヴィンソン
2025-09-22 01:43:32 - INFO - [11955223] 監視開始: C:\project_root\app_workspaces\niconico-archiver\rec\11955223_カール・ヴィンソン
2025-09-22 01:43:32 - INFO - [11955223 (カール・ヴィンソン)] 自動監視開始
2025-09-22 01:43:32 - INFO - [117396334] アカウントディレクトリ発見: C:\project_root\app_workspaces\niconico-archiver\rec\117396334_☆キチ害メンヘラGOD☆
2025-09-22 01:43:32 - INFO - [117396334] 監視開始: C:\project_root\app_workspaces\niconico-archiver\rec\117396334_☆キチ害メンヘラGOD☆
2025-09-22 01:43:32 - INFO - [117396334 (☆キチ害メンヘラGOD☆)] 自動監視開始
2025-09-22 01:43:54 - INFO - [11955223] アカウントディレクトリ発見: C:\project_root\app_workspaces\niconico-archiver\rec\11955223_カール・ヴィンソン
2025-09-22 01:43:54 - INFO - [11955223] 監視開始: C:\project_root\app_workspaces\niconico-archiver\rec\11955223_カール・ヴィンソン
2025-09-22 01:43:54 - INFO - [11955223 (カール・ヴィンソン)] 自動監視開始
2025-09-22 01:43:54 - INFO - [117396334] アカウントディレクトリ発見: C:\project_root\app_workspaces\niconico-archiver\rec\117396334_☆キチ害メンヘラGOD☆
2025-09-22 01:43:54 - INFO - [117396334] 監視開始: C:\project_root\app_workspaces\niconico-archiver\rec\117396334_☆キチ害メンヘラGOD☆
2025-09-22 01:43:54 - INFO - [117396334 (☆キチ害メンヘラGOD☆)] 自動監視開始
2025-09-22 01:44:26 - INFO - [11955223] パイプライン処理完了: lv348772131
2025-09-22 01:45:03 - INFO - [11955223] アカウントディレクトリ発見: C:\project_root\app_workspaces\niconico-archiver\rec\11955223_カール・ヴィンソン
2025-09-22 01:45:03 - INFO - [11955223] 監視開始: C:\project_root\app_workspaces\niconico-archiver\rec\11955223_カール・ヴィンソン
2025-09-22 01:45:03 - INFO - [11955223 (カール・ヴィンソン)] 自動監視開始
2025-09-22 01:45:03 - INFO - [117396334] アカウントディレクトリ発見: C:\project_root\app_workspaces\niconico-archiver\rec\117396334_☆キチ害メンヘラGOD☆
2025-09-22 01:45:03 - INFO - [117396334] 監視開始: C:\project_root\app_workspaces\niconico-archiver\rec\117396334_☆キチ害メンヘラGOD☆
2025-09-22 01:45:03 - INFO - [117396334 (☆キチ害メンヘラGOD☆)] 自動監視開始
2025-09-22 01:47:02 - INFO - [11955223] パイプライン処理完了: lv348772131
2025-09-22 01:49:09 - INFO - [11955223] アカウントディレクトリ発見: C:\project_root\app_workspaces\niconico-archiver\rec\11955223_カール・ヴィンソン
2025-09-22 01:49:09 - INFO - [11955223] 監視開始: C:\project_root\app_workspaces\niconico-archiver\rec\11955223_カール・ヴィンソン
2025-09-22 01:49:09 - INFO - [11955223 (カール・ヴィンソン)] 自動監視開始
2025-09-22 01:49:09 - INFO - [117396334] アカウントディレクトリ発見: C:\project_root\app_workspaces\niconico-archiver\rec\117396334_☆キチ害メンヘラGOD☆
2025-09-22 01:49:09 - INFO - [117396334] 監視開始: C:\project_root\app_workspaces\niconico-archiver\rec\117396334_☆キチ害メンヘラGOD☆
2025-09-22 01:49:09 - INFO - [117396334 (☆キチ害メンヘラGOD☆)] 自動監視開始
2025-09-22 01:50:07 - INFO - [11955223] アカウントディレクトリ発見: C:\project_root\app_workspaces\niconico-archiver\rec\11955223_カール・ヴィンソン
2025-09-22 01:50:07 - INFO - [11955223] 監視開始: C:\project_root\app_workspaces\niconico-archiver\rec\11955223_カール・ヴィンソン
2025-09-22 01:50:07 - INFO - [11955223 (カール・ヴィンソン)] 自動監視開始
2025-09-22 01:50:07 - INFO - [117396334] アカウントディレクトリ発見: C:\project_root\app_workspaces\niconico-archiver\rec\117396334_☆キチ害メンヘラGOD☆
2025-09-22 01:50:07 - INFO - [117396334] 監視開始: C:\project_root\app_workspaces\niconico-archiver\rec\117396334_☆キチ害メンヘラGOD☆
2025-09-22 01:50:07 - INFO - [117396334 (☆キチ害メンヘラGOD☆)] 自動監視開始
2025-09-22 01:52:11 - INFO - [11955223] パイプライン処理完了: lv348772131
2025-09-22 01:57:21 - INFO - [11955223] アカウントディレクトリ発見: C:\project_root\app_workspaces\niconico-archiver\rec\11955223_カール・ヴィンソン
2025-09-22 01:57:21 - INFO - [11955223] 監視開始: C:\project_root\app_workspaces\niconico-archiver\rec\11955223_カール・ヴィンソン
2025-09-22 01:57:21 - INFO - [11955223 (カール・ヴィンソン)] 自動監視開始
2025-09-22 01:57:21 - INFO - [117396334] アカウントディレクトリ発見: C:\project_root\app_workspaces\niconico-archiver\rec\117396334_☆キチ害メンヘラGOD☆
2025-09-22 01:57:21 - INFO - [117396334] 監視開始: C:\project_root\app_workspaces\niconico-archiver\rec\117396334_☆キチ害メンヘラGOD☆
2025-09-22 01:57:21 - INFO - [117396334 (☆キチ害メンヘラGOD☆)] 自動監視開始
2025-09-22 01:58:00 - INFO - [11955223] パイプライン処理完了: lv348772131
2025-09-22 02:21:57 - INFO - [123] アカウントディレクトリ発見: C:\project_root\app_workspaces\niconico-archiver\rec\123_テスト配信者
2025-09-22 02:21:57 - INFO - [123] 監視開始: C:\project_root\app_workspaces\niconico-archiver\rec\123_テスト配信者
2025-09-22 02:21:57 - INFO - [123 (テスト配信者)] 監視開始
2025-09-22 02:27:29 - INFO - [123] パイプライン処理完了: lv348772131
2025-09-22 02:34:06 - INFO - [11955223] アカウントディレクトリ発見: C:\project_root\app_workspaces\niconico-archiver\rec\11955223_カール・ヴィンソン
2025-09-22 02:34:06 - INFO - [11955223] 監視開始: C:\project_root\app_workspaces\niconico-archiver\rec\11955223_カール・ヴィンソン
2025-09-22 02:34:06 - INFO - [11955223 (カール・ヴィンソン)] 自動監視開始
2025-09-22 02:34:06 - INFO - [117396334] アカウントディレクトリ発見: C:\project_root\app_workspaces\niconico-archiver\rec\117396334_☆キチ害メンヘラGOD☆
2025-09-22 02:34:06 - INFO - [117396334] 監視開始: C:\project_root\app_workspaces\niconico-archiver\rec\117396334_☆キチ害メンヘラGOD☆
2025-09-22 02:34:06 - INFO - [117396334 (☆キチ害メンヘラGOD☆)] 自動監視開始
2025-09-22 02:34:06 - INFO - [123] アカウントディレクトリ発見: C:\project_root\app_workspaces\niconico-archiver\rec\123_テスト配信者
2025-09-22 02:34:06 - INFO - [123] 監視開始: C:\project_root\app_workspaces\niconico-archiver\rec\123_テスト配信者
2025-09-22 02:34:06 - INFO - [123 (テスト配信者)] 自動監視開始
2025-09-22 02:34:19 - INFO - [default] アカウントディレクトリ発見: C:\project_root\app_workspaces\niconico-archiver\rec\123_テスト配信者
2025-09-22 02:34:19 - INFO - [default] 監視開始: C:\project_root\app_workspaces\niconico-archiver\rec\123_テスト配信者
2025-09-22 02:34:19 - INFO - [default (テスト配信者)] 監視開始
2025-09-22 02:34:35 - INFO - [11955223] 監視停止
2025-09-22 02:34:35 - INFO - [117396334] 監視停止
2025-09-22 02:34:35 - INFO - [123] 監視停止
2025-09-22 02:34:35 - INFO - [default] 監視停止
2025-09-22 02:34:35 - INFO - 全ての監視を停止しました
2025-09-22 02:34:38 - INFO - [117396334] アカウントディレクトリ発見: C:\project_root\app_workspaces\niconico-archiver\rec\117396334_☆キチ害メンヘラGOD☆
2025-09-22 02:34:38 - INFO - [117396334] 監視開始: C:\project_root\app_workspaces\niconico-archiver\rec\117396334_☆キチ害メンヘラGOD☆
2025-09-22 02:34:38 - INFO - [117396334 (☆キチ害メンヘラGOD☆)] 監視開始
2025-09-22 02:34:44 - INFO - [123] アカウントディレクトリ発見: C:\project_root\app_workspaces\niconico-archiver\rec\123_テスト配信者
2025-09-22 02:34:44 - INFO - [123] 監視開始: C:\project_root\app_workspaces\niconico-archiver\rec\123_テスト配信者
2025-09-22 02:34:44 - INFO - [123 (テスト配信者)] 監視開始
2025-09-22 02:37:23 - INFO - [123] パイプライン処理完了: lv348772131
2025-09-22 02:41:51 - INFO - [117396334] アカウントディレクトリ発見: C:\project_root\app_workspaces\niconico-archiver\rec\117396334_☆キチ害メンヘラGOD☆
2025-09-22 02:41:51 - INFO - [117396334] 監視開始: C:\project_root\app_workspaces\niconico-archiver\rec\117396334_☆キチ害メンヘラGOD☆
2025-09-22 02:41:51 - INFO - [117396334 (☆キチ害メンヘラGOD☆)] 自動監視開始
2025-09-22 02:41:51 - INFO - [123] アカウントディレクトリ発見: C:\project_root\app_workspaces\niconico-archiver\rec\123_テスト配信者
2025-09-22 02:41:51 - INFO - [123] 監視開始: C:\project_root\app_workspaces\niconico-archiver\rec\123_テスト配信者
2025-09-22 02:41:51 - INFO - [123 (テスト配信者)] 自動監視開始
2025-09-22 02:42:17 - INFO - [117396334] アカウントディレクトリ発見: C:\project_root\app_workspaces\niconico-archiver\rec\117396334_☆キチ害メンヘラGOD☆
2025-09-22 02:42:17 - INFO - [117396334] 監視開始: C:\project_root\app_workspaces\niconico-archiver\rec\117396334_☆キチ害メンヘラGOD☆
2025-09-22 02:42:17 - INFO - [117396334 (☆キチ害メンヘラGOD☆)] 自動監視開始
2025-09-22 02:42:17 - INFO - [123] アカウントディレクトリ発見: C:\project_root\app_workspaces\niconico-archiver\rec\123_テスト配信者
2025-09-22 02:42:17 - INFO - [123] 監視開始: C:\project_root\app_workspaces\niconico-archiver\rec\123_テスト配信者
2025-09-22 02:42:17 - INFO - [123 (テスト配信者)] 自動監視開始
2025-09-22 02:42:18 - INFO - [117396334] 監視停止
2025-09-22 02:42:18 - INFO - [123] 監視停止
2025-09-22 02:42:28 - INFO - [117396334] アカウントディレクトリ発見: C:\project_root\app_workspaces\niconico-archiver\rec\117396334_☆キチ害メンヘラGOD☆
2025-09-22 02:42:28 - INFO - [117396334] 監視開始: C:\project_root\app_workspaces\niconico-archiver\rec\117396334_☆キチ害メンヘラGOD☆
2025-09-22 02:42:28 - INFO - [117396334 (☆キチ害メンヘラGOD☆)] 自動監視開始
2025-09-22 02:42:28 - INFO - [123] アカウントディレクトリ発見: C:\project_root\app_workspaces\niconico-archiver\rec\123_テスト配信者
2025-09-22 02:42:28 - INFO - [123] 監視開始: C:\project_root\app_workspaces\niconico-archiver\rec\123_テスト配信者
2025-09-22 02:42:28 - INFO - [123 (テスト配信者)] 自動監視開始
2025-09-22 02:42:51 - INFO - [117396334] アカウントディレクトリ発見: C:\project_root\app_workspaces\niconico-archiver\rec\117396334_☆キチ害メンヘラGOD☆
2025-09-22 02:42:51 - INFO - [117396334] 監視開始: C:\project_root\app_workspaces\niconico-archiver\rec\117396334_☆キチ害メンヘラGOD☆
2025-09-22 02:42:51 - INFO - [117396334 (☆キチ害メンヘラGOD☆)] 自動監視開始
2025-09-22 02:42:51 - INFO - [123] アカウントディレクトリ発見: C:\project_root\app_workspaces\niconico-archiver\rec\123_テスト配信者
2025-09-22 02:42:51 - INFO - [123] 監視開始: C:\project_root\app_workspaces\niconico-archiver\rec\123_テスト配信者
2025-09-22 02:42:51 - INFO - [123 (テスト配信者)] 自動監視開始
2025-09-22 02:44:26 - INFO - [117396334] アカウントディレクトリ発見: C:\project_root\app_workspaces\niconico-archiver\rec\117396334_☆キチ害メンヘラGOD☆
2025-09-22 02:44:26 - INFO - [117396334] 監視開始: C:\project_root\app_workspaces\niconico-archiver\rec\117396334_☆キチ害メンヘラGOD☆
2025-09-22 02:44:26 - INFO - [117396334 (☆キチ害メンヘラGOD☆)] 自動監視開始
2025-09-22 02:44:26 - INFO - [123] アカウントディレクトリ発見: C:\project_root\app_workspaces\niconico-archiver\rec\123_テスト配信者
2025-09-22 02:44:26 - INFO - [123] 監視開始: C:\project_root\app_workspaces\niconico-archiver\rec\123_テスト配信者
2025-09-22 02:44:26 - INFO - [123 (テスト配信者)] 自動監視開始
2025-09-22 02:44:59 - INFO - [117396334] アカウントディレクトリ発見: C:\project_root\app_workspaces\niconico-archiver\rec\117396334_☆キチ害メンヘラGOD☆
2025-09-22 02:44:59 - INFO - [117396334] 監視開始: C:\project_root\app_workspaces\niconico-archiver\rec\117396334_☆キチ害メンヘラGOD☆
2025-09-22 02:44:59 - INFO - [117396334 (☆キチ害メンヘラGOD☆)] 自動監視開始
2025-09-22 02:44:59 - INFO - [123] アカウントディレクトリ発見: C:\project_root\app_workspaces\niconico-archiver\rec\123_テスト配信者
2025-09-22 02:44:59 - INFO - [123] 監視開始: C:\project_root\app_workspaces\niconico-archiver\rec\123_テスト配信者
2025-09-22 02:44:59 - INFO - [123 (テスト配信者)] 自動監視開始
2025-09-22 02:47:19 - INFO - [117396334] アカウントディレクトリ発見: C:\project_root\app_workspaces\niconico-archiver\rec\117396334_☆キチ害メンヘラGOD☆
2025-09-22 02:47:19 - INFO - [117396334] 監視開始: C:\project_root\app_workspaces\niconico-archiver\rec\117396334_☆キチ害メンヘラGOD☆
2025-09-22 02:47:19 - INFO - [117396334 (☆キチ害メンヘラGOD☆)] 自動監視開始
2025-09-22 02:47:19 - INFO - [123] アカウントディレクトリ発見: C:\project_root\app_workspaces\niconico-archiver\rec\123_テスト配信者
2025-09-22 02:47:19 - INFO - [123] 監視開始: C:\project_root\app_workspaces\niconico-archiver\rec\123_テスト配信者
2025-09-22 02:47:19 - INFO - [123 (テスト配信者)] 自動監視開始
2025-09-22 02:47:52 - INFO - [117396334] アカウントディレクトリ発見: C:\project_root\app_workspaces\niconico-archiver\rec\117396334_☆キチ害メンヘラGOD☆
2025-09-22 02:47:52 - INFO - [117396334] 監視開始: C:\project_root\app_workspaces\niconico-archiver\rec\117396334_☆キチ害メンヘラGOD☆
2025-09-22 02:47:52 - INFO - [117396334 (☆キチ害メンヘラGOD☆)] 自動監視開始
2025-09-22 02:47:52 - INFO - [123] アカウントディレクトリ発見: C:\project_root\app_workspaces\niconico-archiver\rec\123_テスト配信者
2025-09-22 02:47:52 - INFO - [123] 監視開始: C:\project_root\app_workspaces\niconico-archiver\rec\123_テスト配信者
2025-09-22 02:47:52 - INFO - [123 (テスト配信者)] 自動監視開始
2025-09-22 02:48:42 - INFO - [117396334] アカウントディレクトリ発見: C:\project_root\app_workspaces\niconico-archiver\rec\117396334_☆キチ害メンヘラGOD☆
2025-09-22 02:48:42 - INFO - [117396334] 監視開始: C:\project_root\app_workspaces\niconico-archiver\rec\117396334_☆キチ害メンヘラGOD☆
2025-09-22 02:48:42 - INFO - [117396334 (☆キチ害メンヘラGOD☆)] 自動監視開始
2025-09-22 02:48:42 - INFO - [123] アカウントディレクトリ発見: C:\project_root\app_workspaces\niconico-archiver\rec\123_テスト配信者
2025-09-22 02:48:42 - INFO - [123] 監視開始: C:\project_root\app_workspaces\niconico-archiver\rec\123_テスト配信者
2025-09-22 02:48:42 - INFO - [123 (テスト配信者)] 自動監視開始
2025-09-22 02:51:49 - INFO - [123] パイプライン処理完了: lv348772131
2025-09-22 02:56:25 - INFO - [117396334] アカウントディレクトリ発見: C:\project_root\app_workspaces\niconico-archiver\rec\117396334_☆キチ害メンヘラGOD☆
2025-09-22 02:56:25 - INFO - [117396334] 監視開始: C:\project_root\app_workspaces\niconico-archiver\rec\117396334_☆キチ害メンヘラGOD☆
2025-09-22 02:56:25 - INFO - [117396334 (☆キチ害メンヘラGOD☆)] 自動監視開始
2025-09-22 02:56:25 - INFO - [123] アカウントディレクトリ発見: C:\project_root\app_workspaces\niconico-archiver\rec\123_テスト配信者
2025-09-22 02:56:25 - INFO - [123] 監視開始: C:\project_root\app_workspaces\niconico-archiver\rec\123_テスト配信者
2025-09-22 02:56:25 - INFO - [123 (テスト配信者)] 自動監視開始
2025-09-22 02:57:27 - INFO - [117396334] アカウントディレクトリ発見: C:\project_root\app_workspaces\niconico-archiver\rec\117396334_☆キチ害メンヘラGOD☆
2025-09-22 02:57:27 - INFO - [117396334] 監視開始: C:\project_root\app_workspaces\niconico-archiver\rec\117396334_☆キチ害メンヘラGOD☆
2025-09-22 02:57:27 - INFO - [117396334 (☆キチ害メンヘラGOD☆)] 自動監視開始
2025-09-22 02:57:27 - INFO - [123] アカウントディレクトリ発見: C:\project_root\app_workspaces\niconico-archiver\rec\123_テスト配信者
2025-09-22 02:57:27 - INFO - [123] 監視開始: C:\project_root\app_workspaces\niconico-archiver\rec\123_テスト配信者
2025-09-22 02:57:27 - INFO - [123 (テスト配信者)] 自動監視開始
2025-09-22 03:02:50 - INFO - [123] パイプライン処理完了: lv348772131
2025-09-22 03:10:39 - INFO - [117396334] アカウントディレクトリ発見: C:\project_root\app_workspaces\niconico-archiver\rec\117396334_☆キチ害メンヘラGOD☆
2025-09-22 03:10:39 - INFO - [117396334] 監視開始: C:\project_root\app_workspaces\niconico-archiver\rec\117396334_☆キチ害メンヘラGOD☆
2025-09-22 03:10:39 - INFO - [117396334 (☆キチ害メンヘラGOD☆)] 自動監視開始
2025-09-22 03:10:39 - INFO - [123] アカウントディレクトリ発見: C:\project_root\app_workspaces\niconico-archiver\rec\123_テスト配信者
2025-09-22 03:10:39 - INFO - [123] 監視開始: C:\project_root\app_workspaces\niconico-archiver\rec\123_テスト配信者
2025-09-22 03:10:39 - INFO - [123 (テスト配信者)] 自動監視開始
2025-09-22 03:10:52 - INFO - [117396334] アカウントディレクトリ発見: C:\project_root\app_workspaces\niconico-archiver\rec\117396334_☆キチ害メンヘラGOD☆
2025-09-22 03:10:52 - INFO - [117396334] 監視開始: C:\project_root\app_workspaces\niconico-archiver\rec\117396334_☆キチ害メンヘラGOD☆
2025-09-22 03:10:52 - INFO - [117396334 (☆キチ害メンヘラGOD☆)] 自動監視開始
2025-09-22 03:10:52 - INFO - [123] アカウントディレクトリ発見: C:\project_root\app_workspaces\niconico-archiver\rec\123_テスト配信者
2025-09-22 03:10:52 - INFO - [123] 監視開始: C:\project_root\app_workspaces\niconico-archiver\rec\123_テスト配信者
2025-09-22 03:10:52 - INFO - [123 (テスト配信者)] 自動監視開始
2025-09-22 03:14:34 - INFO - [123] パイプライン処理完了: lv348772131
2025-09-22 03:18:38 - INFO - [117396334] アカウントディレクトリ発見: C:\project_root\app_workspaces\niconico-archiver\rec\117396334_☆キチ害メンヘラGOD☆
2025-09-22 03:18:38 - INFO - [117396334] 監視開始: C:\project_root\app_workspaces\niconico-archiver\rec\117396334_☆キチ害メンヘラGOD☆
2025-09-22 03:18:38 - INFO - [117396334 (☆キチ害メンヘラGOD☆)] 自動監視開始
2025-09-22 03:18:38 - INFO - [123] アカウントディレクトリ発見: C:\project_root\app_workspaces\niconico-archiver\rec\123_テスト配信者
2025-09-22 03:18:38 - INFO - [123] 監視開始: C:\project_root\app_workspaces\niconico-archiver\rec\123_テスト配信者
2025-09-22 03:18:38 - INFO - [123 (テスト配信者)] 自動監視開始
2025-09-22 03:21:28 - INFO - [123] パイプライン処理完了: lv348772131
2025-09-22 03:25:38 - INFO - [117396334] アカウントディレクトリ発見: C:\project_root\app_workspaces\niconico-archiver\rec\117396334_☆キチ害メンヘラGOD☆
2025-09-22 03:25:38 - INFO - [117396334] 監視開始: C:\project_root\app_workspaces\niconico-archiver\rec\117396334_☆キチ害メンヘラGOD☆
2025-09-22 03:25:38 - INFO - [117396334 (☆キチ害メンヘラGOD☆)] 自動監視開始
2025-09-22 03:25:38 - INFO - [123] アカウントディレクトリ発見: C:\project_root\app_workspaces\niconico-archiver\rec\123_テスト配信者
2025-09-22 03:25:38 - INFO - [123] 監視開始: C:\project_root\app_workspaces\niconico-archiver\rec\123_テスト配信者
2025-09-22 03:25:38 - INFO - [123 (テスト配信者)] 自動監視開始
2025-09-22 03:28:57 - INFO - [123] パイプライン処理完了: lv348772131
2025-09-22 03:47:28 - INFO - [117396334] 監視停止
2025-09-22 03:47:28 - INFO - [123] 監視停止
2025-09-22 03:47:46 - INFO - [117396334] アカウントディレクトリ発見: C:\project_root\app_workspaces\niconico-archiver\rec\117396334_☆キチ害メンヘラGOD☆
2025-09-22 03:47:46 - INFO - [117396334] 監視開始: C:\project_root\app_workspaces\niconico-archiver\rec\117396334_☆キチ害メンヘラGOD☆
2025-09-22 03:47:46 - INFO - [117396334 (☆キチ害メンヘラGOD☆)] 自動監視開始
2025-09-22 03:47:46 - INFO - [123] アカウントディレクトリ発見: C:\project_root\app_workspaces\niconico-archiver\rec\123_テスト配信者
2025-09-22 03:47:46 - INFO - [123] 監視開始: C:\project_root\app_workspaces\niconico-archiver\rec\123_テスト配信者
2025-09-22 03:47:46 - INFO - [123 (テスト配信者)] 自動監視開始
2025-09-22 03:47:47 - INFO - [117396334] 監視停止
2025-09-22 03:47:47 - INFO - [123] 監視停止
2025-09-22 03:47:55 - INFO - [117396334] アカウントディレクトリ発見: C:\project_root\app_workspaces\niconico-archiver\rec\117396334_☆キチ害メンヘラGOD☆
2025-09-22 03:47:55 - INFO - [117396334] 監視開始: C:\project_root\app_workspaces\niconico-archiver\rec\117396334_☆キチ害メンヘラGOD☆
2025-09-22 03:47:55 - INFO - [117396334 (☆キチ害メンヘラGOD☆)] 自動監視開始
2025-09-22 03:47:55 - INFO - [123] アカウントディレクトリ発見: C:\project_root\app_workspaces\niconico-archiver\rec\123_テスト配信者
2025-09-22 03:47:55 - INFO - [123] 監視開始: C:\project_root\app_workspaces\niconico-archiver\rec\123_テスト配信者
2025-09-22 03:47:55 - INFO - [123 (テスト配信者)] 自動監視開始
2025-09-22 03:51:40 - INFO - [123] パイプライン処理完了: lv348772131
2025-09-22 04:16:43 - INFO - [117396334] アカウントディレクトリ発見: C:\project_root\app_workspaces\niconico-archiver\rec\117396334_☆キチ害メンヘラGOD☆
2025-09-22 04:16:43 - INFO - [117396334] 監視開始: C:\project_root\app_workspaces\niconico-archiver\rec\117396334_☆キチ害メンヘラGOD☆
2025-09-22 04:16:43 - INFO - [117396334 (☆キチ害メンヘラGOD☆)] 自動監視開始
2025-09-22 04:16:43 - INFO - [123] アカウントディレクトリ発見: C:\project_root\app_workspaces\niconico-archiver\rec\123_テスト配信者
2025-09-22 04:16:43 - INFO - [123] 監視開始: C:\project_root\app_workspaces\niconico-archiver\rec\123_テスト配信者
2025-09-22 04:16:43 - INFO - [123 (テスト配信者)] 自動監視開始
2025-09-22 04:16:46 - INFO - [117396334] 監視停止
2025-09-22 04:16:46 - INFO - [123] 監視停止
2025-09-22 04:17:51 - INFO - [117396334] アカウントディレクトリ発見: C:\project_root\app_workspaces\niconico-archiver\rec\117396334_☆キチ害メンヘラGOD☆
2025-09-22 04:17:51 - INFO - [117396334] 監視開始: C:\project_root\app_workspaces\niconico-archiver\rec\117396334_☆キチ害メンヘラGOD☆
2025-09-22 04:17:51 - INFO - [117396334 (☆キチ害メンヘラGOD☆)] 自動監視開始
2025-09-22 04:17:51 - INFO - [123] アカウントディレクトリ発見: C:\project_root\app_workspaces\niconico-archiver\rec\123_テスト配信者
2025-09-22 04:17:51 - INFO - [123] 監視開始: C:\project_root\app_workspaces\niconico-archiver\rec\123_テスト配信者
2025-09-22 04:17:51 - INFO - [123 (テスト配信者)] 自動監視開始
2025-09-22 04:18:37 - INFO - [117396334] アカウントディレクトリ発見: C:\project_root\app_workspaces\niconico-archiver\rec\117396334_☆キチ害メンヘラGOD☆
2025-09-22 04:18:37 - INFO - [117396334] 監視開始: C:\project_root\app_workspaces\niconico-archiver\rec\117396334_☆キチ害メンヘラGOD☆
2025-09-22 04:18:37 - INFO - [117396334 (☆キチ害メンヘラGOD☆)] 自動監視開始
2025-09-22 04:18:37 - INFO - [123] アカウントディレクトリ発見: C:\project_root\app_workspaces\niconico-archiver\rec\123_テスト配信者
2025-09-22 04:18:37 - INFO - [123] 監視開始: C:\project_root\app_workspaces\niconico-archiver\rec\123_テスト配信者
2025-09-22 04:18:37 - INFO - [123 (テスト配信者)] 自動監視開始
2025-09-22 04:22:05 - INFO - [123] パイプライン処理完了: lv348772131
2025-09-22 04:22:48 - INFO - [123] パイプライン処理完了: lv348772131
2025-09-22 04:23:24 - INFO - [11955223] アカウントディレクトリ発見: C:\project_root\app_workspaces\niconico-archiver\rec\11955223_カール・ヴィンソン
2025-09-22 04:23:24 - INFO - [11955223] 監視開始: C:\project_root\app_workspaces\niconico-archiver\rec\11955223_カール・ヴィンソン
2025-09-22 04:23:24 - INFO - [11955223 (カール・ヴィンソン)] 監視開始
2025-09-22 04:23:29 - INFO - [117396334] 監視停止
2025-09-22 04:23:29 - INFO - [123] 監視停止
2025-09-22 04:23:37 - INFO - [117396334] 監視停止
2025-09-22 04:23:37 - INFO - [123] 監視停止
2025-09-22 04:23:37 - INFO - [11955223] 監視停止
2025-09-22 04:31:40 - INFO - [117396334] アカウントディレクトリ発見: C:\project_root\app_workspaces\niconico-archiver\rec\117396334_☆キチ害メンヘラGOD☆
2025-09-22 04:31:40 - INFO - [117396334] 監視開始: C:\project_root\app_workspaces\niconico-archiver\rec\117396334_☆キチ害メンヘラGOD☆
2025-09-22 04:31:40 - INFO - [117396334 (☆キチ害メンヘラGOD☆)] 自動監視開始
2025-09-22 04:31:40 - INFO - [123] アカウントディレクトリ発見: C:\project_root\app_workspaces\niconico-archiver\rec\123_テスト配信者
2025-09-22 04:31:40 - INFO - [123] 監視開始: C:\project_root\app_workspaces\niconico-archiver\rec\123_テスト配信者
2025-09-22 04:31:40 - INFO - [123 (テスト配信者)] 自動監視開始
2025-09-22 04:31:40 - INFO - [11955223] アカウントディレクトリ発見: C:\project_root\app_workspaces\niconico-archiver\rec\11955223_カール・ヴィンソン
2025-09-22 04:31:40 - INFO - [11955223] 監視開始: C:\project_root\app_workspaces\niconico-archiver\rec\11955223_カール・ヴィンソン
2025-09-22 04:31:40 - INFO - [11955223 (カール・ヴィンソン)] 自動監視開始
2025-09-22 04:40:46 - INFO - [117396334] アカウントディレクトリ発見: C:\project_root\app_workspaces\niconico-archiver\rec\117396334_☆キチ害メンヘラGOD☆
2025-09-22 04:40:46 - INFO - [117396334] 監視開始: C:\project_root\app_workspaces\niconico-archiver\rec\117396334_☆キチ害メンヘラGOD☆
2025-09-22 04:40:46 - INFO - [117396334 (☆キチ害メンヘラGOD☆)] 自動監視開始
2025-09-22 04:40:46 - INFO - [123] アカウントディレクトリ発見: C:\project_root\app_workspaces\niconico-archiver\rec\123_テスト配信者
2025-09-22 04:40:46 - INFO - [123] 監視開始: C:\project_root\app_workspaces\niconico-archiver\rec\123_テスト配信者
2025-09-22 04:40:46 - INFO - [123 (テスト配信者)] 自動監視開始
2025-09-22 04:40:46 - INFO - [11955223] アカウントディレクトリ発見: C:\project_root\app_workspaces\niconico-archiver\rec\11955223_カール・ヴィンソン
2025-09-22 04:40:46 - INFO - [11955223] 監視開始: C:\project_root\app_workspaces\niconico-archiver\rec\11955223_カール・ヴィンソン
2025-09-22 04:40:46 - INFO - [11955223 (カール・ヴィンソン)] 自動監視開始
2025-09-22 04:42:08 - INFO - [11955223] パイプライン処理完了: lv348772131
